ERROR - 2025-11-10 21:49:03 --> mysqli_sql_exception: Table 'impo.plap_t_orden' doesn't exist in C:\xampp\htdocs\plapers\vendor\codeigniter4\framework\system\Database\MySQLi\Connection.php:292
Stack trace:
#0 C:\xampp\htdocs\plapers\vendor\codeigniter4\framework\system\Database\MySQLi\Connection.php(292): mysqli->query('SELECT `id_orde...', 0)
#1 C:\xampp\htdocs\plapers\vendor\codeigniter4\framework\system\Database\BaseConnection.php(666): CodeIgniter\Database\MySQLi\Connection->execute('SELECT `id_orde...')
#2 C:\xampp\htdocs\plapers\vendor\codeigniter4\framework\system\Database\BaseConnection.php(593): CodeIgniter\Database\BaseConnection->simpleQuery('SELECT `id_orde...')
#3 C:\xampp\htdocs\plapers\vendor\codeigniter4\framework\system\Database\BaseBuilder.php(1585): CodeIgniter\Database\BaseConnection->query('SELECT `id_orde...', Array, false)
#4 C:\xampp\htdocs\plapers\vendor\codeigniter4\framework\system\Model.php(240): CodeIgniter\Database\BaseBuilder->get()
#5 C:\xampp\htdocs\plapers\vendor\codeigniter4\framework\system\BaseModel.php(586): CodeIgniter\Model->doFindAll(0, 0)
#6 C:\xampp\htdocs\plapers\app\Controllers\OrdenesController.php(15): CodeIgniter\BaseModel->findAll()
#7 C:\xampp\htdocs\plapers\vendor\codeigniter4\framework\system\CodeIgniter.php(925): App\Controllers\OrdenesController->ordenes_activas()
#8 C:\xampp\htdocs\plapers\vendor\codeigniter4\framework\system\CodeIgniter.php(480): CodeIgniter\CodeIgniter->runController(Object(App\Controllers\OrdenesController))
#9 C:\xampp\htdocs\plapers\vendor\codeigniter4\framework\system\CodeIgniter.php(349): CodeIgniter\CodeIgniter->handleRequest(NULL, Object(Config\Cache), false)
#10 C:\xampp\htdocs\plapers\public\index.php(67): CodeIgniter\CodeIgniter->run()
#11 {main}
CRITICAL - 2025-11-10 21:49:03 --> Call to a member function getResult() on bool
in SYSTEMPATH\Model.php on line 241.
 1 SYSTEMPATH\BaseModel.php(586): CodeIgniter\Model->doFindAll(0, 0)
 2 APPPATH\Controllers\OrdenesController.php(15): CodeIgniter\BaseModel->findAll()
 3 SYSTEMPATH\CodeIgniter.php(925): App\Controllers\OrdenesController->ordenes_activas()
 4 SYSTEMPATH\CodeIgniter.php(480): CodeIgniter\CodeIgniter->runController(Object(App\Controllers\OrdenesController))
 5 SYSTEMPATH\CodeIgniter.php(349): CodeIgniter\CodeIgniter->handleRequest(null, Object(Config\Cache), false)
 6 FCPATH\index.php(67): CodeIgniter\CodeIgniter->run()
CRITICAL - 2025-11-10 21:50:10 --> Undefined variable $data_breadcrumb
in APPPATH\Controllers\OrdenesController.php on line 28.
 1 APPPATH\Controllers\OrdenesController.php(28): CodeIgniter\Debug\Exceptions->errorHandler(2, 'Undefined variable $data_breadcrumb', 'APPPATH\\Controllers\\OrdenesController.php', 28)
 2 SYSTEMPATH\CodeIgniter.php(925): App\Controllers\OrdenesController->ordenes_activas()
 3 SYSTEMPATH\CodeIgniter.php(480): CodeIgniter\CodeIgniter->runController(Object(App\Controllers\OrdenesController))
 4 SYSTEMPATH\CodeIgniter.php(349): CodeIgniter\CodeIgniter->handleRequest(null, Object(Config\Cache), false)
 5 FCPATH\index.php(67): CodeIgniter\CodeIgniter->run()
CRITICAL - 2025-11-10 21:50:12 --> Undefined variable $data_breadcrumb
in APPPATH\Controllers\OrdenesController.php on line 28.
 1 APPPATH\Controllers\OrdenesController.php(28): CodeIgniter\Debug\Exceptions->errorHandler(2, 'Undefined variable $data_breadcrumb', 'APPPATH\\Controllers\\OrdenesController.php', 28)
 2 SYSTEMPATH\CodeIgniter.php(925): App\Controllers\OrdenesController->ordenes_activas()
 3 SYSTEMPATH\CodeIgniter.php(480): CodeIgniter\CodeIgniter->runController(Object(App\Controllers\OrdenesController))
 4 SYSTEMPATH\CodeIgniter.php(349): CodeIgniter\CodeIgniter->handleRequest(null, Object(Config\Cache), false)
 5 FCPATH\index.php(67): CodeIgniter\CodeIgniter->run()
ERROR - 2025-11-10 21:50:59 --> mysqli_sql_exception: Table 'impo.plap_t_orden' doesn't exist in C:\xampp\htdocs\plapers\vendor\codeigniter4\framework\system\Database\MySQLi\Connection.php:292
Stack trace:
#0 C:\xampp\htdocs\plapers\vendor\codeigniter4\framework\system\Database\MySQLi\Connection.php(292): mysqli->query('SELECT `id_orde...', 0)
#1 C:\xampp\htdocs\plapers\vendor\codeigniter4\framework\system\Database\BaseConnection.php(666): CodeIgniter\Database\MySQLi\Connection->execute('SELECT `id_orde...')
#2 C:\xampp\htdocs\plapers\vendor\codeigniter4\framework\system\Database\BaseConnection.php(593): CodeIgniter\Database\BaseConnection->simpleQuery('SELECT `id_orde...')
#3 C:\xampp\htdocs\plapers\vendor\codeigniter4\framework\system\Database\BaseBuilder.php(1585): CodeIgniter\Database\BaseConnection->query('SELECT `id_orde...', Array, false)
#4 C:\xampp\htdocs\plapers\vendor\codeigniter4\framework\system\Model.php(240): CodeIgniter\Database\BaseBuilder->get()
#5 C:\xampp\htdocs\plapers\vendor\codeigniter4\framework\system\BaseModel.php(586): CodeIgniter\Model->doFindAll(0, 0)
#6 C:\xampp\htdocs\plapers\app\Controllers\OrdenesController.php(15): CodeIgniter\BaseModel->findAll()
#7 C:\xampp\htdocs\plapers\vendor\codeigniter4\framework\system\CodeIgniter.php(925): App\Controllers\OrdenesController->ordenes_activas()
#8 C:\xampp\htdocs\plapers\vendor\codeigniter4\framework\system\CodeIgniter.php(480): CodeIgniter\CodeIgniter->runController(Object(App\Controllers\OrdenesController))
#9 C:\xampp\htdocs\plapers\vendor\codeigniter4\framework\system\CodeIgniter.php(349): CodeIgniter\CodeIgniter->handleRequest(NULL, Object(Config\Cache), false)
#10 C:\xampp\htdocs\plapers\public\index.php(67): CodeIgniter\CodeIgniter->run()
#11 {main}
CRITICAL - 2025-11-10 21:50:59 --> Call to a member function getResult() on bool
in SYSTEMPATH\Model.php on line 241.
 1 SYSTEMPATH\BaseModel.php(586): CodeIgniter\Model->doFindAll(0, 0)
 2 APPPATH\Controllers\OrdenesController.php(15): CodeIgniter\BaseModel->findAll()
 3 SYSTEMPATH\CodeIgniter.php(925): App\Controllers\OrdenesController->ordenes_activas()
 4 SYSTEMPATH\CodeIgniter.php(480): CodeIgniter\CodeIgniter->runController(Object(App\Controllers\OrdenesController))
 5 SYSTEMPATH\CodeIgniter.php(349): CodeIgniter\CodeIgniter->handleRequest(null, Object(Config\Cache), false)
 6 FCPATH\index.php(67): CodeIgniter\CodeIgniter->run()
ERROR - 2025-11-10 21:52:41 --> mysqli_sql_exception: Table 'impo.plap_t_orden' doesn't exist in C:\xampp\htdocs\plapers\vendor\codeigniter4\framework\system\Database\MySQLi\Connection.php:292
Stack trace:
#0 C:\xampp\htdocs\plapers\vendor\codeigniter4\framework\system\Database\MySQLi\Connection.php(292): mysqli->query('SELECT `id_orde...', 0)
#1 C:\xampp\htdocs\plapers\vendor\codeigniter4\framework\system\Database\BaseConnection.php(666): CodeIgniter\Database\MySQLi\Connection->execute('SELECT `id_orde...')
#2 C:\xampp\htdocs\plapers\vendor\codeigniter4\framework\system\Database\BaseConnection.php(593): CodeIgniter\Database\BaseConnection->simpleQuery('SELECT `id_orde...')
#3 C:\xampp\htdocs\plapers\vendor\codeigniter4\framework\system\Database\BaseBuilder.php(1585): CodeIgniter\Database\BaseConnection->query('SELECT `id_orde...', Array, false)
#4 C:\xampp\htdocs\plapers\vendor\codeigniter4\framework\system\Model.php(240): CodeIgniter\Database\BaseBuilder->get()
#5 C:\xampp\htdocs\plapers\vendor\codeigniter4\framework\system\BaseModel.php(586): CodeIgniter\Model->doFindAll(0, 0)
#6 C:\xampp\htdocs\plapers\app\Controllers\OrdenesController.php(16): CodeIgniter\BaseModel->findAll()
#7 C:\xampp\htdocs\plapers\vendor\codeigniter4\framework\system\CodeIgniter.php(925): App\Controllers\OrdenesController->ordenes_activas()
#8 C:\xampp\htdocs\plapers\vendor\codeigniter4\framework\system\CodeIgniter.php(480): CodeIgniter\CodeIgniter->runController(Object(App\Controllers\OrdenesController))
#9 C:\xampp\htdocs\plapers\vendor\codeigniter4\framework\system\CodeIgniter.php(349): CodeIgniter\CodeIgniter->handleRequest(NULL, Object(Config\Cache), false)
#10 C:\xampp\htdocs\plapers\public\index.php(67): CodeIgniter\CodeIgniter->run()
#11 {main}
CRITICAL - 2025-11-10 21:52:41 --> Call to a member function getResult() on bool
in SYSTEMPATH\Model.php on line 241.
 1 SYSTEMPATH\BaseModel.php(586): CodeIgniter\Model->doFindAll(0, 0)
 2 APPPATH\Controllers\OrdenesController.php(16): CodeIgniter\BaseModel->findAll()
 3 SYSTEMPATH\CodeIgniter.php(925): App\Controllers\OrdenesController->ordenes_activas()
 4 SYSTEMPATH\CodeIgniter.php(480): CodeIgniter\CodeIgniter->runController(Object(App\Controllers\OrdenesController))
 5 SYSTEMPATH\CodeIgniter.php(349): CodeIgniter\CodeIgniter->handleRequest(null, Object(Config\Cache), false)
 6 FCPATH\index.php(67): CodeIgniter\CodeIgniter->run()
ERROR - 2025-11-10 21:56:58 --> mysqli_sql_exception: Table 'impo.plap_t_orden' doesn't exist in C:\xampp\htdocs\plapers\vendor\codeigniter4\framework\system\Database\MySQLi\Connection.php:292
Stack trace:
#0 C:\xampp\htdocs\plapers\vendor\codeigniter4\framework\system\Database\MySQLi\Connection.php(292): mysqli->query('SELECT `id_orde...', 0)
#1 C:\xampp\htdocs\plapers\vendor\codeigniter4\framework\system\Database\BaseConnection.php(666): CodeIgniter\Database\MySQLi\Connection->execute('SELECT `id_orde...')
#2 C:\xampp\htdocs\plapers\vendor\codeigniter4\framework\system\Database\BaseConnection.php(593): CodeIgniter\Database\BaseConnection->simpleQuery('SELECT `id_orde...')
#3 C:\xampp\htdocs\plapers\vendor\codeigniter4\framework\system\Database\BaseBuilder.php(1585): CodeIgniter\Database\BaseConnection->query('SELECT `id_orde...', Array, false)
#4 C:\xampp\htdocs\plapers\vendor\codeigniter4\framework\system\Model.php(240): CodeIgniter\Database\BaseBuilder->get()
#5 C:\xampp\htdocs\plapers\vendor\codeigniter4\framework\system\BaseModel.php(586): CodeIgniter\Model->doFindAll(0, 0)
#6 C:\xampp\htdocs\plapers\app\Controllers\OrdenesController.php(16): CodeIgniter\BaseModel->findAll()
#7 C:\xampp\htdocs\plapers\vendor\codeigniter4\framework\system\CodeIgniter.php(925): App\Controllers\OrdenesController->ordenes_activas()
#8 C:\xampp\htdocs\plapers\vendor\codeigniter4\framework\system\CodeIgniter.php(480): CodeIgniter\CodeIgniter->runController(Object(App\Controllers\OrdenesController))
#9 C:\xampp\htdocs\plapers\vendor\codeigniter4\framework\system\CodeIgniter.php(349): CodeIgniter\CodeIgniter->handleRequest(NULL, Object(Config\Cache), false)
#10 C:\xampp\htdocs\plapers\public\index.php(67): CodeIgniter\CodeIgniter->run()
#11 {main}
CRITICAL - 2025-11-10 21:56:58 --> Call to a member function getResult() on bool
in SYSTEMPATH\Model.php on line 241.
 1 SYSTEMPATH\BaseModel.php(586): CodeIgniter\Model->doFindAll(0, 0)
 2 APPPATH\Controllers\OrdenesController.php(16): CodeIgniter\BaseModel->findAll()
 3 SYSTEMPATH\CodeIgniter.php(925): App\Controllers\OrdenesController->ordenes_activas()
 4 SYSTEMPATH\CodeIgniter.php(480): CodeIgniter\CodeIgniter->runController(Object(App\Controllers\OrdenesController))
 5 SYSTEMPATH\CodeIgniter.php(349): CodeIgniter\CodeIgniter->handleRequest(null, Object(Config\Cache), false)
 6 FCPATH\index.php(67): CodeIgniter\CodeIgniter->run()
ERROR - 2025-11-10 21:57:01 --> mysqli_sql_exception: Table 'impo.plap_t_orden' doesn't exist in C:\xampp\htdocs\plapers\vendor\codeigniter4\framework\system\Database\MySQLi\Connection.php:292
Stack trace:
#0 C:\xampp\htdocs\plapers\vendor\codeigniter4\framework\system\Database\MySQLi\Connection.php(292): mysqli->query('SELECT `id_orde...', 0)
#1 C:\xampp\htdocs\plapers\vendor\codeigniter4\framework\system\Database\BaseConnection.php(666): CodeIgniter\Database\MySQLi\Connection->execute('SELECT `id_orde...')
#2 C:\xampp\htdocs\plapers\vendor\codeigniter4\framework\system\Database\BaseConnection.php(593): CodeIgniter\Database\BaseConnection->simpleQuery('SELECT `id_orde...')
#3 C:\xampp\htdocs\plapers\vendor\codeigniter4\framework\system\Database\BaseBuilder.php(1585): CodeIgniter\Database\BaseConnection->query('SELECT `id_orde...', Array, false)
#4 C:\xampp\htdocs\plapers\vendor\codeigniter4\framework\system\Model.php(240): CodeIgniter\Database\BaseBuilder->get()
#5 C:\xampp\htdocs\plapers\vendor\codeigniter4\framework\system\BaseModel.php(586): CodeIgniter\Model->doFindAll(0, 0)
#6 C:\xampp\htdocs\plapers\app\Controllers\OrdenesController.php(16): CodeIgniter\BaseModel->findAll()
#7 C:\xampp\htdocs\plapers\vendor\codeigniter4\framework\system\CodeIgniter.php(925): App\Controllers\OrdenesController->ordenes_activas()
#8 C:\xampp\htdocs\plapers\vendor\codeigniter4\framework\system\CodeIgniter.php(480): CodeIgniter\CodeIgniter->runController(Object(App\Controllers\OrdenesController))
#9 C:\xampp\htdocs\plapers\vendor\codeigniter4\framework\system\CodeIgniter.php(349): CodeIgniter\CodeIgniter->handleRequest(NULL, Object(Config\Cache), false)
#10 C:\xampp\htdocs\plapers\public\index.php(67): CodeIgniter\CodeIgniter->run()
#11 {main}
CRITICAL - 2025-11-10 21:57:01 --> Call to a member function getResult() on bool
in SYSTEMPATH\Model.php on line 241.
 1 SYSTEMPATH\BaseModel.php(586): CodeIgniter\Model->doFindAll(0, 0)
 2 APPPATH\Controllers\OrdenesController.php(16): CodeIgniter\BaseModel->findAll()
 3 SYSTEMPATH\CodeIgniter.php(925): App\Controllers\OrdenesController->ordenes_activas()
 4 SYSTEMPATH\CodeIgniter.php(480): CodeIgniter\CodeIgniter->runController(Object(App\Controllers\OrdenesController))
 5 SYSTEMPATH\CodeIgniter.php(349): CodeIgniter\CodeIgniter->handleRequest(null, Object(Config\Cache), false)
 6 FCPATH\index.php(67): CodeIgniter\CodeIgniter->run()
ERROR - 2025-11-10 21:58:25 --> mysqli_sql_exception: Table 'impo.plap_t_orden' doesn't exist in C:\xampp\htdocs\plapers\vendor\codeigniter4\framework\system\Database\MySQLi\Connection.php:292
Stack trace:
#0 C:\xampp\htdocs\plapers\vendor\codeigniter4\framework\system\Database\MySQLi\Connection.php(292): mysqli->query('SELECT `id_orde...', 0)
#1 C:\xampp\htdocs\plapers\vendor\codeigniter4\framework\system\Database\BaseConnection.php(666): CodeIgniter\Database\MySQLi\Connection->execute('SELECT `id_orde...')
#2 C:\xampp\htdocs\plapers\vendor\codeigniter4\framework\system\Database\BaseConnection.php(593): CodeIgniter\Database\BaseConnection->simpleQuery('SELECT `id_orde...')
#3 C:\xampp\htdocs\plapers\vendor\codeigniter4\framework\system\Database\BaseBuilder.php(1585): CodeIgniter\Database\BaseConnection->query('SELECT `id_orde...', Array, false)
#4 C:\xampp\htdocs\plapers\vendor\codeigniter4\framework\system\Model.php(240): CodeIgniter\Database\BaseBuilder->get()
#5 C:\xampp\htdocs\plapers\vendor\codeigniter4\framework\system\BaseModel.php(586): CodeIgniter\Model->doFindAll(0, 0)
#6 C:\xampp\htdocs\plapers\app\Controllers\OrdenesController.php(16): CodeIgniter\BaseModel->findAll()
#7 C:\xampp\htdocs\plapers\vendor\codeigniter4\framework\system\CodeIgniter.php(925): App\Controllers\OrdenesController->ordenes_activas()
#8 C:\xampp\htdocs\plapers\vendor\codeigniter4\framework\system\CodeIgniter.php(480): CodeIgniter\CodeIgniter->runController(Object(App\Controllers\OrdenesController))
#9 C:\xampp\htdocs\plapers\vendor\codeigniter4\framework\system\CodeIgniter.php(349): CodeIgniter\CodeIgniter->handleRequest(NULL, Object(Config\Cache), false)
#10 C:\xampp\htdocs\plapers\public\index.php(67): CodeIgniter\CodeIgniter->run()
#11 {main}
CRITICAL - 2025-11-10 21:58:25 --> Call to a member function getResult() on bool
in SYSTEMPATH\Model.php on line 241.
 1 SYSTEMPATH\BaseModel.php(586): CodeIgniter\Model->doFindAll(0, 0)
 2 APPPATH\Controllers\OrdenesController.php(16): CodeIgniter\BaseModel->findAll()
 3 SYSTEMPATH\CodeIgniter.php(925): App\Controllers\OrdenesController->ordenes_activas()
 4 SYSTEMPATH\CodeIgniter.php(480): CodeIgniter\CodeIgniter->runController(Object(App\Controllers\OrdenesController))
 5 SYSTEMPATH\CodeIgniter.php(349): CodeIgniter\CodeIgniter->handleRequest(null, Object(Config\Cache), false)
 6 FCPATH\index.php(67): CodeIgniter\CodeIgniter->run()
ERROR - 2025-11-10 21:58:29 --> mysqli_sql_exception: Table 'impo.plap_t_orden' doesn't exist in C:\xampp\htdocs\plapers\vendor\codeigniter4\framework\system\Database\MySQLi\Connection.php:292
Stack trace:
#0 C:\xampp\htdocs\plapers\vendor\codeigniter4\framework\system\Database\MySQLi\Connection.php(292): mysqli->query('SELECT `id_orde...', 0)
#1 C:\xampp\htdocs\plapers\vendor\codeigniter4\framework\system\Database\BaseConnection.php(666): CodeIgniter\Database\MySQLi\Connection->execute('SELECT `id_orde...')
#2 C:\xampp\htdocs\plapers\vendor\codeigniter4\framework\system\Database\BaseConnection.php(593): CodeIgniter\Database\BaseConnection->simpleQuery('SELECT `id_orde...')
#3 C:\xampp\htdocs\plapers\vendor\codeigniter4\framework\system\Database\BaseBuilder.php(1585): CodeIgniter\Database\BaseConnection->query('SELECT `id_orde...', Array, false)
#4 C:\xampp\htdocs\plapers\vendor\codeigniter4\framework\system\Model.php(240): CodeIgniter\Database\BaseBuilder->get()
#5 C:\xampp\htdocs\plapers\vendor\codeigniter4\framework\system\BaseModel.php(586): CodeIgniter\Model->doFindAll(0, 0)
#6 C:\xampp\htdocs\plapers\app\Controllers\OrdenesController.php(16): CodeIgniter\BaseModel->findAll()
#7 C:\xampp\htdocs\plapers\vendor\codeigniter4\framework\system\CodeIgniter.php(925): App\Controllers\OrdenesController->ordenes_activas()
#8 C:\xampp\htdocs\plapers\vendor\codeigniter4\framework\system\CodeIgniter.php(480): CodeIgniter\CodeIgniter->runController(Object(App\Controllers\OrdenesController))
#9 C:\xampp\htdocs\plapers\vendor\codeigniter4\framework\system\CodeIgniter.php(349): CodeIgniter\CodeIgniter->handleRequest(NULL, Object(Config\Cache), false)
#10 C:\xampp\htdocs\plapers\public\index.php(67): CodeIgniter\CodeIgniter->run()
#11 {main}
CRITICAL - 2025-11-10 21:58:29 --> Call to a member function getResult() on bool
in SYSTEMPATH\Model.php on line 241.
 1 SYSTEMPATH\BaseModel.php(586): CodeIgniter\Model->doFindAll(0, 0)
 2 APPPATH\Controllers\OrdenesController.php(16): CodeIgniter\BaseModel->findAll()
 3 SYSTEMPATH\CodeIgniter.php(925): App\Controllers\OrdenesController->ordenes_activas()
 4 SYSTEMPATH\CodeIgniter.php(480): CodeIgniter\CodeIgniter->runController(Object(App\Controllers\OrdenesController))
 5 SYSTEMPATH\CodeIgniter.php(349): CodeIgniter\CodeIgniter->handleRequest(null, Object(Config\Cache), false)
 6 FCPATH\index.php(67): CodeIgniter\CodeIgniter->run()
ERROR - 2025-11-10 22:03:02 --> mysqli_sql_exception: Table 'impo.plap_t_orden' doesn't exist in C:\xampp\htdocs\plapers\vendor\codeigniter4\framework\system\Database\MySQLi\Connection.php:292
Stack trace:
#0 C:\xampp\htdocs\plapers\vendor\codeigniter4\framework\system\Database\MySQLi\Connection.php(292): mysqli->query('SELECT `id_orde...', 0)
#1 C:\xampp\htdocs\plapers\vendor\codeigniter4\framework\system\Database\BaseConnection.php(666): CodeIgniter\Database\MySQLi\Connection->execute('SELECT `id_orde...')
#2 C:\xampp\htdocs\plapers\vendor\codeigniter4\framework\system\Database\BaseConnection.php(593): CodeIgniter\Database\BaseConnection->simpleQuery('SELECT `id_orde...')
#3 C:\xampp\htdocs\plapers\vendor\codeigniter4\framework\system\Database\BaseBuilder.php(1585): CodeIgniter\Database\BaseConnection->query('SELECT `id_orde...', Array, false)
#4 C:\xampp\htdocs\plapers\vendor\codeigniter4\framework\system\Model.php(240): CodeIgniter\Database\BaseBuilder->get()
#5 C:\xampp\htdocs\plapers\vendor\codeigniter4\framework\system\BaseModel.php(586): CodeIgniter\Model->doFindAll(0, 0)
#6 C:\xampp\htdocs\plapers\app\Controllers\OrdenesController.php(16): CodeIgniter\BaseModel->findAll()
#7 C:\xampp\htdocs\plapers\vendor\codeigniter4\framework\system\CodeIgniter.php(925): App\Controllers\OrdenesController->ordenes_activas()
#8 C:\xampp\htdocs\plapers\vendor\codeigniter4\framework\system\CodeIgniter.php(480): CodeIgniter\CodeIgniter->runController(Object(App\Controllers\OrdenesController))
#9 C:\xampp\htdocs\plapers\vendor\codeigniter4\framework\system\CodeIgniter.php(349): CodeIgniter\CodeIgniter->handleRequest(NULL, Object(Config\Cache), false)
#10 C:\xampp\htdocs\plapers\public\index.php(67): CodeIgniter\CodeIgniter->run()
#11 {main}
CRITICAL - 2025-11-10 22:03:02 --> Call to a member function getResult() on bool
in SYSTEMPATH\Model.php on line 241.
 1 SYSTEMPATH\BaseModel.php(586): CodeIgniter\Model->doFindAll(0, 0)
 2 APPPATH\Controllers\OrdenesController.php(16): CodeIgniter\BaseModel->findAll()
 3 SYSTEMPATH\CodeIgniter.php(925): App\Controllers\OrdenesController->ordenes_activas()
 4 SYSTEMPATH\CodeIgniter.php(480): CodeIgniter\CodeIgniter->runController(Object(App\Controllers\OrdenesController))
 5 SYSTEMPATH\CodeIgniter.php(349): CodeIgniter\CodeIgniter->handleRequest(null, Object(Config\Cache), false)
 6 FCPATH\index.php(67): CodeIgniter\CodeIgniter->run()
ERROR - 2025-11-10 22:03:04 --> mysqli_sql_exception: Table 'impo.plap_t_orden' doesn't exist in C:\xampp\htdocs\plapers\vendor\codeigniter4\framework\system\Database\MySQLi\Connection.php:292
Stack trace:
#0 C:\xampp\htdocs\plapers\vendor\codeigniter4\framework\system\Database\MySQLi\Connection.php(292): mysqli->query('SELECT `id_orde...', 0)
#1 C:\xampp\htdocs\plapers\vendor\codeigniter4\framework\system\Database\BaseConnection.php(666): CodeIgniter\Database\MySQLi\Connection->execute('SELECT `id_orde...')
#2 C:\xampp\htdocs\plapers\vendor\codeigniter4\framework\system\Database\BaseConnection.php(593): CodeIgniter\Database\BaseConnection->simpleQuery('SELECT `id_orde...')
#3 C:\xampp\htdocs\plapers\vendor\codeigniter4\framework\system\Database\BaseBuilder.php(1585): CodeIgniter\Database\BaseConnection->query('SELECT `id_orde...', Array, false)
#4 C:\xampp\htdocs\plapers\vendor\codeigniter4\framework\system\Model.php(240): CodeIgniter\Database\BaseBuilder->get()
#5 C:\xampp\htdocs\plapers\vendor\codeigniter4\framework\system\BaseModel.php(586): CodeIgniter\Model->doFindAll(0, 0)
#6 C:\xampp\htdocs\plapers\app\Controllers\OrdenesController.php(16): CodeIgniter\BaseModel->findAll()
#7 C:\xampp\htdocs\plapers\vendor\codeigniter4\framework\system\CodeIgniter.php(925): App\Controllers\OrdenesController->ordenes_activas()
#8 C:\xampp\htdocs\plapers\vendor\codeigniter4\framework\system\CodeIgniter.php(480): CodeIgniter\CodeIgniter->runController(Object(App\Controllers\OrdenesController))
#9 C:\xampp\htdocs\plapers\vendor\codeigniter4\framework\system\CodeIgniter.php(349): CodeIgniter\CodeIgniter->handleRequest(NULL, Object(Config\Cache), false)
#10 C:\xampp\htdocs\plapers\public\index.php(67): CodeIgniter\CodeIgniter->run()
#11 {main}
CRITICAL - 2025-11-10 22:03:04 --> Call to a member function getResult() on bool
in SYSTEMPATH\Model.php on line 241.
 1 SYSTEMPATH\BaseModel.php(586): CodeIgniter\Model->doFindAll(0, 0)
 2 APPPATH\Controllers\OrdenesController.php(16): CodeIgniter\BaseModel->findAll()
 3 SYSTEMPATH\CodeIgniter.php(925): App\Controllers\OrdenesController->ordenes_activas()
 4 SYSTEMPATH\CodeIgniter.php(480): CodeIgniter\CodeIgniter->runController(Object(App\Controllers\OrdenesController))
 5 SYSTEMPATH\CodeIgniter.php(349): CodeIgniter\CodeIgniter->handleRequest(null, Object(Config\Cache), false)
 6 FCPATH\index.php(67): CodeIgniter\CodeIgniter->run()
ERROR - 2025-11-10 22:03:33 --> mysqli_sql_exception: Table 'impo.plap_t_orden' doesn't exist in C:\xampp\htdocs\plapers\vendor\codeigniter4\framework\system\Database\MySQLi\Connection.php:292
Stack trace:
#0 C:\xampp\htdocs\plapers\vendor\codeigniter4\framework\system\Database\MySQLi\Connection.php(292): mysqli->query('SELECT `id_orde...', 0)
#1 C:\xampp\htdocs\plapers\vendor\codeigniter4\framework\system\Database\BaseConnection.php(666): CodeIgniter\Database\MySQLi\Connection->execute('SELECT `id_orde...')
#2 C:\xampp\htdocs\plapers\vendor\codeigniter4\framework\system\Database\BaseConnection.php(593): CodeIgniter\Database\BaseConnection->simpleQuery('SELECT `id_orde...')
#3 C:\xampp\htdocs\plapers\vendor\codeigniter4\framework\system\Database\BaseBuilder.php(1585): CodeIgniter\Database\BaseConnection->query('SELECT `id_orde...', Array, false)
#4 C:\xampp\htdocs\plapers\vendor\codeigniter4\framework\system\Model.php(240): CodeIgniter\Database\BaseBuilder->get()
#5 C:\xampp\htdocs\plapers\vendor\codeigniter4\framework\system\BaseModel.php(586): CodeIgniter\Model->doFindAll(0, 0)
#6 C:\xampp\htdocs\plapers\app\Controllers\OrdenesController.php(16): CodeIgniter\BaseModel->findAll()
#7 C:\xampp\htdocs\plapers\vendor\codeigniter4\framework\system\CodeIgniter.php(925): App\Controllers\OrdenesController->ordenes_activas()
#8 C:\xampp\htdocs\plapers\vendor\codeigniter4\framework\system\CodeIgniter.php(480): CodeIgniter\CodeIgniter->runController(Object(App\Controllers\OrdenesController))
#9 C:\xampp\htdocs\plapers\vendor\codeigniter4\framework\system\CodeIgniter.php(349): CodeIgniter\CodeIgniter->handleRequest(NULL, Object(Config\Cache), false)
#10 C:\xampp\htdocs\plapers\public\index.php(67): CodeIgniter\CodeIgniter->run()
#11 {main}
CRITICAL - 2025-11-10 22:03:33 --> Call to a member function getResult() on bool
in SYSTEMPATH\Model.php on line 241.
 1 SYSTEMPATH\BaseModel.php(586): CodeIgniter\Model->doFindAll(0, 0)
 2 APPPATH\Controllers\OrdenesController.php(16): CodeIgniter\BaseModel->findAll()
 3 SYSTEMPATH\CodeIgniter.php(925): App\Controllers\OrdenesController->ordenes_activas()
 4 SYSTEMPATH\CodeIgniter.php(480): CodeIgniter\CodeIgniter->runController(Object(App\Controllers\OrdenesController))
 5 SYSTEMPATH\CodeIgniter.php(349): CodeIgniter\CodeIgniter->handleRequest(null, Object(Config\Cache), false)
 6 FCPATH\index.php(67): CodeIgniter\CodeIgniter->run()
ERROR - 2025-11-10 22:03:36 --> mysqli_sql_exception: Table 'impo.plap_t_orden' doesn't exist in C:\xampp\htdocs\plapers\vendor\codeigniter4\framework\system\Database\MySQLi\Connection.php:292
Stack trace:
#0 C:\xampp\htdocs\plapers\vendor\codeigniter4\framework\system\Database\MySQLi\Connection.php(292): mysqli->query('SELECT `id_orde...', 0)
#1 C:\xampp\htdocs\plapers\vendor\codeigniter4\framework\system\Database\BaseConnection.php(666): CodeIgniter\Database\MySQLi\Connection->execute('SELECT `id_orde...')
#2 C:\xampp\htdocs\plapers\vendor\codeigniter4\framework\system\Database\BaseConnection.php(593): CodeIgniter\Database\BaseConnection->simpleQuery('SELECT `id_orde...')
#3 C:\xampp\htdocs\plapers\vendor\codeigniter4\framework\system\Database\BaseBuilder.php(1585): CodeIgniter\Database\BaseConnection->query('SELECT `id_orde...', Array, false)
#4 C:\xampp\htdocs\plapers\vendor\codeigniter4\framework\system\Model.php(240): CodeIgniter\Database\BaseBuilder->get()
#5 C:\xampp\htdocs\plapers\vendor\codeigniter4\framework\system\BaseModel.php(586): CodeIgniter\Model->doFindAll(0, 0)
#6 C:\xampp\htdocs\plapers\app\Controllers\OrdenesController.php(16): CodeIgniter\BaseModel->findAll()
#7 C:\xampp\htdocs\plapers\vendor\codeigniter4\framework\system\CodeIgniter.php(925): App\Controllers\OrdenesController->ordenes_activas()
#8 C:\xampp\htdocs\plapers\vendor\codeigniter4\framework\system\CodeIgniter.php(480): CodeIgniter\CodeIgniter->runController(Object(App\Controllers\OrdenesController))
#9 C:\xampp\htdocs\plapers\vendor\codeigniter4\framework\system\CodeIgniter.php(349): CodeIgniter\CodeIgniter->handleRequest(NULL, Object(Config\Cache), false)
#10 C:\xampp\htdocs\plapers\public\index.php(67): CodeIgniter\CodeIgniter->run()
#11 {main}
CRITICAL - 2025-11-10 22:03:36 --> Call to a member function getResult() on bool
in SYSTEMPATH\Model.php on line 241.
 1 SYSTEMPATH\BaseModel.php(586): CodeIgniter\Model->doFindAll(0, 0)
 2 APPPATH\Controllers\OrdenesController.php(16): CodeIgniter\BaseModel->findAll()
 3 SYSTEMPATH\CodeIgniter.php(925): App\Controllers\OrdenesController->ordenes_activas()
 4 SYSTEMPATH\CodeIgniter.php(480): CodeIgniter\CodeIgniter->runController(Object(App\Controllers\OrdenesController))
 5 SYSTEMPATH\CodeIgniter.php(349): CodeIgniter\CodeIgniter->handleRequest(null, Object(Config\Cache), false)
 6 FCPATH\index.php(67): CodeIgniter\CodeIgniter->run()
CRITICAL - 2025-11-10 22:04:19 --> Object of class App\Models\OrdenModel could not be converted to string
in APPPATH\Controllers\OrdenesController.php on line 13.
 1 SYSTEMPATH\CodeIgniter.php(925): App\Controllers\OrdenesController->ordenes_activas()
 2 SYSTEMPATH\CodeIgniter.php(480): CodeIgniter\CodeIgniter->runController(Object(App\Controllers\OrdenesController))
 3 SYSTEMPATH\CodeIgniter.php(349): CodeIgniter\CodeIgniter->handleRequest(null, Object(Config\Cache), false)
 4 FCPATH\index.php(67): CodeIgniter\CodeIgniter->run()
ERROR - 2025-11-10 22:06:37 --> mysqli_sql_exception: Table 'impo.plap_t_orden' doesn't exist in C:\xampp\htdocs\plapers\vendor\codeigniter4\framework\system\Database\MySQLi\Connection.php:292
Stack trace:
#0 C:\xampp\htdocs\plapers\vendor\codeigniter4\framework\system\Database\MySQLi\Connection.php(292): mysqli->query('SELECT `id_orde...', 0)
#1 C:\xampp\htdocs\plapers\vendor\codeigniter4\framework\system\Database\BaseConnection.php(666): CodeIgniter\Database\MySQLi\Connection->execute('SELECT `id_orde...')
#2 C:\xampp\htdocs\plapers\vendor\codeigniter4\framework\system\Database\BaseConnection.php(593): CodeIgniter\Database\BaseConnection->simpleQuery('SELECT `id_orde...')
#3 C:\xampp\htdocs\plapers\vendor\codeigniter4\framework\system\Database\BaseBuilder.php(1585): CodeIgniter\Database\BaseConnection->query('SELECT `id_orde...', Array, false)
#4 C:\xampp\htdocs\plapers\vendor\codeigniter4\framework\system\Model.php(240): CodeIgniter\Database\BaseBuilder->get()
#5 C:\xampp\htdocs\plapers\vendor\codeigniter4\framework\system\BaseModel.php(586): CodeIgniter\Model->doFindAll(0, 0)
#6 C:\xampp\htdocs\plapers\app\Controllers\OrdenesController.php(17): CodeIgniter\BaseModel->findAll()
#7 C:\xampp\htdocs\plapers\vendor\codeigniter4\framework\system\CodeIgniter.php(925): App\Controllers\OrdenesController->ordenes_activas()
#8 C:\xampp\htdocs\plapers\vendor\codeigniter4\framework\system\CodeIgniter.php(480): CodeIgniter\CodeIgniter->runController(Object(App\Controllers\OrdenesController))
#9 C:\xampp\htdocs\plapers\vendor\codeigniter4\framework\system\CodeIgniter.php(349): CodeIgniter\CodeIgniter->handleRequest(NULL, Object(Config\Cache), false)
#10 C:\xampp\htdocs\plapers\public\index.php(67): CodeIgniter\CodeIgniter->run()
#11 {main}
CRITICAL - 2025-11-10 22:06:37 --> Call to a member function getResult() on bool
in SYSTEMPATH\Model.php on line 241.
 1 SYSTEMPATH\BaseModel.php(586): CodeIgniter\Model->doFindAll(0, 0)
 2 APPPATH\Controllers\OrdenesController.php(17): CodeIgniter\BaseModel->findAll()
 3 SYSTEMPATH\CodeIgniter.php(925): App\Controllers\OrdenesController->ordenes_activas()
 4 SYSTEMPATH\CodeIgniter.php(480): CodeIgniter\CodeIgniter->runController(Object(App\Controllers\OrdenesController))
 5 SYSTEMPATH\CodeIgniter.php(349): CodeIgniter\CodeIgniter->handleRequest(null, Object(Config\Cache), false)
 6 FCPATH\index.php(67): CodeIgniter\CodeIgniter->run()
ERROR - 2025-11-10 22:06:51 --> mysqli_sql_exception: Table 'impo.plap_t_orden' doesn't exist in C:\xampp\htdocs\plapers\vendor\codeigniter4\framework\system\Database\MySQLi\Connection.php:292
Stack trace:
#0 C:\xampp\htdocs\plapers\vendor\codeigniter4\framework\system\Database\MySQLi\Connection.php(292): mysqli->query('SELECT `id_orde...', 0)
#1 C:\xampp\htdocs\plapers\vendor\codeigniter4\framework\system\Database\BaseConnection.php(666): CodeIgniter\Database\MySQLi\Connection->execute('SELECT `id_orde...')
#2 C:\xampp\htdocs\plapers\vendor\codeigniter4\framework\system\Database\BaseConnection.php(593): CodeIgniter\Database\BaseConnection->simpleQuery('SELECT `id_orde...')
#3 C:\xampp\htdocs\plapers\vendor\codeigniter4\framework\system\Database\BaseBuilder.php(1585): CodeIgniter\Database\BaseConnection->query('SELECT `id_orde...', Array, false)
#4 C:\xampp\htdocs\plapers\vendor\codeigniter4\framework\system\Model.php(240): CodeIgniter\Database\BaseBuilder->get()
#5 C:\xampp\htdocs\plapers\vendor\codeigniter4\framework\system\BaseModel.php(586): CodeIgniter\Model->doFindAll(0, 0)
#6 C:\xampp\htdocs\plapers\app\Controllers\OrdenesController.php(15): CodeIgniter\BaseModel->findAll()
#7 C:\xampp\htdocs\plapers\vendor\codeigniter4\framework\system\CodeIgniter.php(925): App\Controllers\OrdenesController->ordenes_activas()
#8 C:\xampp\htdocs\plapers\vendor\codeigniter4\framework\system\CodeIgniter.php(480): CodeIgniter\CodeIgniter->runController(Object(App\Controllers\OrdenesController))
#9 C:\xampp\htdocs\plapers\vendor\codeigniter4\framework\system\CodeIgniter.php(349): CodeIgniter\CodeIgniter->handleRequest(NULL, Object(Config\Cache), false)
#10 C:\xampp\htdocs\plapers\public\index.php(67): CodeIgniter\CodeIgniter->run()
#11 {main}
CRITICAL - 2025-11-10 22:06:51 --> Call to a member function getResult() on bool
in SYSTEMPATH\Model.php on line 241.
 1 SYSTEMPATH\BaseModel.php(586): CodeIgniter\Model->doFindAll(0, 0)
 2 APPPATH\Controllers\OrdenesController.php(15): CodeIgniter\BaseModel->findAll()
 3 SYSTEMPATH\CodeIgniter.php(925): App\Controllers\OrdenesController->ordenes_activas()
 4 SYSTEMPATH\CodeIgniter.php(480): CodeIgniter\CodeIgniter->runController(Object(App\Controllers\OrdenesController))
 5 SYSTEMPATH\CodeIgniter.php(349): CodeIgniter\CodeIgniter->handleRequest(null, Object(Config\Cache), false)
 6 FCPATH\index.php(67): CodeIgniter\CodeIgniter->run()
ERROR - 2025-11-10 22:12:00 --> mysqli_sql_exception: Table 'impo.plap_t_orden' doesn't exist in C:\xampp\htdocs\plapers\vendor\codeigniter4\framework\system\Database\MySQLi\Connection.php:292
Stack trace:
#0 C:\xampp\htdocs\plapers\vendor\codeigniter4\framework\system\Database\MySQLi\Connection.php(292): mysqli->query('SELECT `id_orde...', 0)
#1 C:\xampp\htdocs\plapers\vendor\codeigniter4\framework\system\Database\BaseConnection.php(666): CodeIgniter\Database\MySQLi\Connection->execute('SELECT `id_orde...')
#2 C:\xampp\htdocs\plapers\vendor\codeigniter4\framework\system\Database\BaseConnection.php(593): CodeIgniter\Database\BaseConnection->simpleQuery('SELECT `id_orde...')
#3 C:\xampp\htdocs\plapers\vendor\codeigniter4\framework\system\Database\BaseBuilder.php(1585): CodeIgniter\Database\BaseConnection->query('SELECT `id_orde...', Array, false)
#4 C:\xampp\htdocs\plapers\vendor\codeigniter4\framework\system\Model.php(240): CodeIgniter\Database\BaseBuilder->get()
#5 C:\xampp\htdocs\plapers\vendor\codeigniter4\framework\system\BaseModel.php(586): CodeIgniter\Model->doFindAll(0, 0)
#6 C:\xampp\htdocs\plapers\app\Controllers\OrdenesController.php(16): CodeIgniter\BaseModel->findAll()
#7 C:\xampp\htdocs\plapers\vendor\codeigniter4\framework\system\CodeIgniter.php(925): App\Controllers\OrdenesController->ordenes_activas()
#8 C:\xampp\htdocs\plapers\vendor\codeigniter4\framework\system\CodeIgniter.php(480): CodeIgniter\CodeIgniter->runController(Object(App\Controllers\OrdenesController))
#9 C:\xampp\htdocs\plapers\vendor\codeigniter4\framework\system\CodeIgniter.php(349): CodeIgniter\CodeIgniter->handleRequest(NULL, Object(Config\Cache), false)
#10 C:\xampp\htdocs\plapers\public\index.php(67): CodeIgniter\CodeIgniter->run()
#11 {main}
CRITICAL - 2025-11-10 22:12:00 --> Call to a member function getResult() on bool
in SYSTEMPATH\Model.php on line 241.
 1 SYSTEMPATH\BaseModel.php(586): CodeIgniter\Model->doFindAll(0, 0)
 2 APPPATH\Controllers\OrdenesController.php(16): CodeIgniter\BaseModel->findAll()
 3 SYSTEMPATH\CodeIgniter.php(925): App\Controllers\OrdenesController->ordenes_activas()
 4 SYSTEMPATH\CodeIgniter.php(480): CodeIgniter\CodeIgniter->runController(Object(App\Controllers\OrdenesController))
 5 SYSTEMPATH\CodeIgniter.php(349): CodeIgniter\CodeIgniter->handleRequest(null, Object(Config\Cache), false)
 6 FCPATH\index.php(67): CodeIgniter\CodeIgniter->run()
ERROR - 2025-11-10 22:12:26 --> mysqli_sql_exception: Table 'impo.plap_t_orden' doesn't exist in C:\xampp\htdocs\plapers\vendor\codeigniter4\framework\system\Database\MySQLi\Connection.php:292
Stack trace:
#0 C:\xampp\htdocs\plapers\vendor\codeigniter4\framework\system\Database\MySQLi\Connection.php(292): mysqli->query('SELECT `id_orde...', 0)
#1 C:\xampp\htdocs\plapers\vendor\codeigniter4\framework\system\Database\BaseConnection.php(666): CodeIgniter\Database\MySQLi\Connection->execute('SELECT `id_orde...')
#2 C:\xampp\htdocs\plapers\vendor\codeigniter4\framework\system\Database\BaseConnection.php(593): CodeIgniter\Database\BaseConnection->simpleQuery('SELECT `id_orde...')
#3 C:\xampp\htdocs\plapers\vendor\codeigniter4\framework\system\Database\BaseBuilder.php(1585): CodeIgniter\Database\BaseConnection->query('SELECT `id_orde...', Array, false)
#4 C:\xampp\htdocs\plapers\vendor\codeigniter4\framework\system\Model.php(240): CodeIgniter\Database\BaseBuilder->get()
#5 C:\xampp\htdocs\plapers\vendor\codeigniter4\framework\system\BaseModel.php(586): CodeIgniter\Model->doFindAll(0, 0)
#6 C:\xampp\htdocs\plapers\app\Controllers\OrdenesController.php(16): CodeIgniter\BaseModel->findAll()
#7 C:\xampp\htdocs\plapers\vendor\codeigniter4\framework\system\CodeIgniter.php(925): App\Controllers\OrdenesController->ordenes_activas()
#8 C:\xampp\htdocs\plapers\vendor\codeigniter4\framework\system\CodeIgniter.php(480): CodeIgniter\CodeIgniter->runController(Object(App\Controllers\OrdenesController))
#9 C:\xampp\htdocs\plapers\vendor\codeigniter4\framework\system\CodeIgniter.php(349): CodeIgniter\CodeIgniter->handleRequest(NULL, Object(Config\Cache), false)
#10 C:\xampp\htdocs\plapers\public\index.php(67): CodeIgniter\CodeIgniter->run()
#11 {main}
CRITICAL - 2025-11-10 22:12:26 --> Call to a member function getResult() on bool
in SYSTEMPATH\Model.php on line 241.
 1 SYSTEMPATH\BaseModel.php(586): CodeIgniter\Model->doFindAll(0, 0)
 2 APPPATH\Controllers\OrdenesController.php(16): CodeIgniter\BaseModel->findAll()
 3 SYSTEMPATH\CodeIgniter.php(925): App\Controllers\OrdenesController->ordenes_activas()
 4 SYSTEMPATH\CodeIgniter.php(480): CodeIgniter\CodeIgniter->runController(Object(App\Controllers\OrdenesController))
 5 SYSTEMPATH\CodeIgniter.php(349): CodeIgniter\CodeIgniter->handleRequest(null, Object(Config\Cache), false)
 6 FCPATH\index.php(67): CodeIgniter\CodeIgniter->run()
ERROR - 2025-11-10 22:12:32 --> mysqli_sql_exception: Table 'impo.plap_t_orden' doesn't exist in C:\xampp\htdocs\plapers\vendor\codeigniter4\framework\system\Database\MySQLi\Connection.php:292
Stack trace:
#0 C:\xampp\htdocs\plapers\vendor\codeigniter4\framework\system\Database\MySQLi\Connection.php(292): mysqli->query('SELECT `id_orde...', 0)
#1 C:\xampp\htdocs\plapers\vendor\codeigniter4\framework\system\Database\BaseConnection.php(666): CodeIgniter\Database\MySQLi\Connection->execute('SELECT `id_orde...')
#2 C:\xampp\htdocs\plapers\vendor\codeigniter4\framework\system\Database\BaseConnection.php(593): CodeIgniter\Database\BaseConnection->simpleQuery('SELECT `id_orde...')
#3 C:\xampp\htdocs\plapers\vendor\codeigniter4\framework\system\Database\BaseBuilder.php(1585): CodeIgniter\Database\BaseConnection->query('SELECT `id_orde...', Array, false)
#4 C:\xampp\htdocs\plapers\vendor\codeigniter4\framework\system\Model.php(240): CodeIgniter\Database\BaseBuilder->get()
#5 C:\xampp\htdocs\plapers\vendor\codeigniter4\framework\system\BaseModel.php(586): CodeIgniter\Model->doFindAll(0, 0)
#6 C:\xampp\htdocs\plapers\app\Controllers\OrdenesController.php(16): CodeIgniter\BaseModel->findAll()
#7 C:\xampp\htdocs\plapers\vendor\codeigniter4\framework\system\CodeIgniter.php(925): App\Controllers\OrdenesController->ordenes_activas()
#8 C:\xampp\htdocs\plapers\vendor\codeigniter4\framework\system\CodeIgniter.php(480): CodeIgniter\CodeIgniter->runController(Object(App\Controllers\OrdenesController))
#9 C:\xampp\htdocs\plapers\vendor\codeigniter4\framework\system\CodeIgniter.php(349): CodeIgniter\CodeIgniter->handleRequest(NULL, Object(Config\Cache), false)
#10 C:\xampp\htdocs\plapers\public\index.php(67): CodeIgniter\CodeIgniter->run()
#11 {main}
CRITICAL - 2025-11-10 22:12:32 --> Call to a member function getResult() on bool
in SYSTEMPATH\Model.php on line 241.
 1 SYSTEMPATH\BaseModel.php(586): CodeIgniter\Model->doFindAll(0, 0)
 2 APPPATH\Controllers\OrdenesController.php(16): CodeIgniter\BaseModel->findAll()
 3 SYSTEMPATH\CodeIgniter.php(925): App\Controllers\OrdenesController->ordenes_activas()
 4 SYSTEMPATH\CodeIgniter.php(480): CodeIgniter\CodeIgniter->runController(Object(App\Controllers\OrdenesController))
 5 SYSTEMPATH\CodeIgniter.php(349): CodeIgniter\CodeIgniter->handleRequest(null, Object(Config\Cache), false)
 6 FCPATH\index.php(67): CodeIgniter\CodeIgniter->run()
ERROR - 2025-11-10 22:13:15 --> mysqli_sql_exception: Table 'impo.plap_t_orden' doesn't exist in C:\xampp\htdocs\plapers\vendor\codeigniter4\framework\system\Database\MySQLi\Connection.php:292
Stack trace:
#0 C:\xampp\htdocs\plapers\vendor\codeigniter4\framework\system\Database\MySQLi\Connection.php(292): mysqli->query('SELECT `id_orde...', 0)
#1 C:\xampp\htdocs\plapers\vendor\codeigniter4\framework\system\Database\BaseConnection.php(666): CodeIgniter\Database\MySQLi\Connection->execute('SELECT `id_orde...')
#2 C:\xampp\htdocs\plapers\vendor\codeigniter4\framework\system\Database\BaseConnection.php(593): CodeIgniter\Database\BaseConnection->simpleQuery('SELECT `id_orde...')
#3 C:\xampp\htdocs\plapers\vendor\codeigniter4\framework\system\Database\BaseBuilder.php(1585): CodeIgniter\Database\BaseConnection->query('SELECT `id_orde...', Array, false)
#4 C:\xampp\htdocs\plapers\vendor\codeigniter4\framework\system\Model.php(240): CodeIgniter\Database\BaseBuilder->get()
#5 C:\xampp\htdocs\plapers\vendor\codeigniter4\framework\system\BaseModel.php(586): CodeIgniter\Model->doFindAll(0, 0)
#6 C:\xampp\htdocs\plapers\app\Controllers\OrdenesController.php(16): CodeIgniter\BaseModel->findAll()
#7 C:\xampp\htdocs\plapers\vendor\codeigniter4\framework\system\CodeIgniter.php(925): App\Controllers\OrdenesController->ordenes_activas()
#8 C:\xampp\htdocs\plapers\vendor\codeigniter4\framework\system\CodeIgniter.php(480): CodeIgniter\CodeIgniter->runController(Object(App\Controllers\OrdenesController))
#9 C:\xampp\htdocs\plapers\vendor\codeigniter4\framework\system\CodeIgniter.php(349): CodeIgniter\CodeIgniter->handleRequest(NULL, Object(Config\Cache), false)
#10 C:\xampp\htdocs\plapers\public\index.php(67): CodeIgniter\CodeIgniter->run()
#11 {main}
CRITICAL - 2025-11-10 22:13:15 --> Call to a member function getResult() on bool
in SYSTEMPATH\Model.php on line 241.
 1 SYSTEMPATH\BaseModel.php(586): CodeIgniter\Model->doFindAll(0, 0)
 2 APPPATH\Controllers\OrdenesController.php(16): CodeIgniter\BaseModel->findAll()
 3 SYSTEMPATH\CodeIgniter.php(925): App\Controllers\OrdenesController->ordenes_activas()
 4 SYSTEMPATH\CodeIgniter.php(480): CodeIgniter\CodeIgniter->runController(Object(App\Controllers\OrdenesController))
 5 SYSTEMPATH\CodeIgniter.php(349): CodeIgniter\CodeIgniter->handleRequest(null, Object(Config\Cache), false)
 6 FCPATH\index.php(67): CodeIgniter\CodeIgniter->run()
ERROR - 2025-11-10 22:13:40 --> mysqli_sql_exception: Table 'impo.plap_t_orden' doesn't exist in C:\xampp\htdocs\plapers\vendor\codeigniter4\framework\system\Database\MySQLi\Connection.php:292
Stack trace:
#0 C:\xampp\htdocs\plapers\vendor\codeigniter4\framework\system\Database\MySQLi\Connection.php(292): mysqli->query('SELECT `id_orde...', 0)
#1 C:\xampp\htdocs\plapers\vendor\codeigniter4\framework\system\Database\BaseConnection.php(666): CodeIgniter\Database\MySQLi\Connection->execute('SELECT `id_orde...')
#2 C:\xampp\htdocs\plapers\vendor\codeigniter4\framework\system\Database\BaseConnection.php(593): CodeIgniter\Database\BaseConnection->simpleQuery('SELECT `id_orde...')
#3 C:\xampp\htdocs\plapers\vendor\codeigniter4\framework\system\Database\BaseBuilder.php(1585): CodeIgniter\Database\BaseConnection->query('SELECT `id_orde...', Array, false)
#4 C:\xampp\htdocs\plapers\vendor\codeigniter4\framework\system\Model.php(240): CodeIgniter\Database\BaseBuilder->get()
#5 C:\xampp\htdocs\plapers\vendor\codeigniter4\framework\system\BaseModel.php(586): CodeIgniter\Model->doFindAll(0, 0)
#6 C:\xampp\htdocs\plapers\app\Controllers\OrdenesController.php(14): CodeIgniter\BaseModel->findAll()
#7 C:\xampp\htdocs\plapers\vendor\codeigniter4\framework\system\CodeIgniter.php(925): App\Controllers\OrdenesController->ordenes_activas()
#8 C:\xampp\htdocs\plapers\vendor\codeigniter4\framework\system\CodeIgniter.php(480): CodeIgniter\CodeIgniter->runController(Object(App\Controllers\OrdenesController))
#9 C:\xampp\htdocs\plapers\vendor\codeigniter4\framework\system\CodeIgniter.php(349): CodeIgniter\CodeIgniter->handleRequest(NULL, Object(Config\Cache), false)
#10 C:\xampp\htdocs\plapers\public\index.php(67): CodeIgniter\CodeIgniter->run()
#11 {main}
CRITICAL - 2025-11-10 22:13:40 --> Call to a member function getResult() on bool
in SYSTEMPATH\Model.php on line 241.
 1 SYSTEMPATH\BaseModel.php(586): CodeIgniter\Model->doFindAll(0, 0)
 2 APPPATH\Controllers\OrdenesController.php(14): CodeIgniter\BaseModel->findAll()
 3 SYSTEMPATH\CodeIgniter.php(925): App\Controllers\OrdenesController->ordenes_activas()
 4 SYSTEMPATH\CodeIgniter.php(480): CodeIgniter\CodeIgniter->runController(Object(App\Controllers\OrdenesController))
 5 SYSTEMPATH\CodeIgniter.php(349): CodeIgniter\CodeIgniter->handleRequest(null, Object(Config\Cache), false)
 6 FCPATH\index.php(67): CodeIgniter\CodeIgniter->run()
ERROR - 2025-11-10 22:14:01 --> mysqli_sql_exception: Table 'impo.plap_t_orden' doesn't exist in C:\xampp\htdocs\plapers\vendor\codeigniter4\framework\system\Database\MySQLi\Connection.php:292
Stack trace:
#0 C:\xampp\htdocs\plapers\vendor\codeigniter4\framework\system\Database\MySQLi\Connection.php(292): mysqli->query('SELECT `total`\n...', 0)
#1 C:\xampp\htdocs\plapers\vendor\codeigniter4\framework\system\Database\BaseConnection.php(666): CodeIgniter\Database\MySQLi\Connection->execute('SELECT `total`\n...')
#2 C:\xampp\htdocs\plapers\vendor\codeigniter4\framework\system\Database\BaseConnection.php(593): CodeIgniter\Database\BaseConnection->simpleQuery('SELECT `total`\n...')
#3 C:\xampp\htdocs\plapers\vendor\codeigniter4\framework\system\Database\BaseBuilder.php(1585): CodeIgniter\Database\BaseConnection->query('SELECT `total`\n...', Array, false)
#4 C:\xampp\htdocs\plapers\vendor\codeigniter4\framework\system\Model.php(240): CodeIgniter\Database\BaseBuilder->get()
#5 C:\xampp\htdocs\plapers\vendor\codeigniter4\framework\system\BaseModel.php(586): CodeIgniter\Model->doFindAll(0, 0)
#6 C:\xampp\htdocs\plapers\app\Controllers\OrdenesController.php(14): CodeIgniter\BaseModel->findAll()
#7 C:\xampp\htdocs\plapers\vendor\codeigniter4\framework\system\CodeIgniter.php(925): App\Controllers\OrdenesController->ordenes_activas()
#8 C:\xampp\htdocs\plapers\vendor\codeigniter4\framework\system\CodeIgniter.php(480): CodeIgniter\CodeIgniter->runController(Object(App\Controllers\OrdenesController))
#9 C:\xampp\htdocs\plapers\vendor\codeigniter4\framework\system\CodeIgniter.php(349): CodeIgniter\CodeIgniter->handleRequest(NULL, Object(Config\Cache), false)
#10 C:\xampp\htdocs\plapers\public\index.php(67): CodeIgniter\CodeIgniter->run()
#11 {main}
CRITICAL - 2025-11-10 22:14:01 --> Call to a member function getResult() on bool
in SYSTEMPATH\Model.php on line 241.
 1 SYSTEMPATH\BaseModel.php(586): CodeIgniter\Model->doFindAll(0, 0)
 2 APPPATH\Controllers\OrdenesController.php(14): CodeIgniter\BaseModel->findAll()
 3 SYSTEMPATH\CodeIgniter.php(925): App\Controllers\OrdenesController->ordenes_activas()
 4 SYSTEMPATH\CodeIgniter.php(480): CodeIgniter\CodeIgniter->runController(Object(App\Controllers\OrdenesController))
 5 SYSTEMPATH\CodeIgniter.php(349): CodeIgniter\CodeIgniter->handleRequest(null, Object(Config\Cache), false)
 6 FCPATH\index.php(67): CodeIgniter\CodeIgniter->run()
ERROR - 2025-11-10 22:14:15 --> mysqli_sql_exception: Table 'impo.plap_t_orden' doesn't exist in C:\xampp\htdocs\plapers\vendor\codeigniter4\framework\system\Database\MySQLi\Connection.php:292
Stack trace:
#0 C:\xampp\htdocs\plapers\vendor\codeigniter4\framework\system\Database\MySQLi\Connection.php(292): mysqli->query('SELECT `total`\n...', 0)
#1 C:\xampp\htdocs\plapers\vendor\codeigniter4\framework\system\Database\BaseConnection.php(666): CodeIgniter\Database\MySQLi\Connection->execute('SELECT `total`\n...')
#2 C:\xampp\htdocs\plapers\vendor\codeigniter4\framework\system\Database\BaseConnection.php(593): CodeIgniter\Database\BaseConnection->simpleQuery('SELECT `total`\n...')
#3 C:\xampp\htdocs\plapers\vendor\codeigniter4\framework\system\Database\BaseBuilder.php(1585): CodeIgniter\Database\BaseConnection->query('SELECT `total`\n...', Array, false)
#4 C:\xampp\htdocs\plapers\vendor\codeigniter4\framework\system\Model.php(240): CodeIgniter\Database\BaseBuilder->get()
#5 C:\xampp\htdocs\plapers\vendor\codeigniter4\framework\system\BaseModel.php(586): CodeIgniter\Model->doFindAll(0, 0)
#6 C:\xampp\htdocs\plapers\app\Controllers\OrdenesController.php(14): CodeIgniter\BaseModel->findAll()
#7 C:\xampp\htdocs\plapers\vendor\codeigniter4\framework\system\CodeIgniter.php(925): App\Controllers\OrdenesController->ordenes_activas()
#8 C:\xampp\htdocs\plapers\vendor\codeigniter4\framework\system\CodeIgniter.php(480): CodeIgniter\CodeIgniter->runController(Object(App\Controllers\OrdenesController))
#9 C:\xampp\htdocs\plapers\vendor\codeigniter4\framework\system\CodeIgniter.php(349): CodeIgniter\CodeIgniter->handleRequest(NULL, Object(Config\Cache), false)
#10 C:\xampp\htdocs\plapers\public\index.php(67): CodeIgniter\CodeIgniter->run()
#11 {main}
CRITICAL - 2025-11-10 22:14:15 --> Call to a member function getResult() on bool
in SYSTEMPATH\Model.php on line 241.
 1 SYSTEMPATH\BaseModel.php(586): CodeIgniter\Model->doFindAll(0, 0)
 2 APPPATH\Controllers\OrdenesController.php(14): CodeIgniter\BaseModel->findAll()
 3 SYSTEMPATH\CodeIgniter.php(925): App\Controllers\OrdenesController->ordenes_activas()
 4 SYSTEMPATH\CodeIgniter.php(480): CodeIgniter\CodeIgniter->runController(Object(App\Controllers\OrdenesController))
 5 SYSTEMPATH\CodeIgniter.php(349): CodeIgniter\CodeIgniter->handleRequest(null, Object(Config\Cache), false)
 6 FCPATH\index.php(67): CodeIgniter\CodeIgniter->run()
ERROR - 2025-11-10 22:14:25 --> mysqli_sql_exception: Table 'impo.plap_t_orden' doesn't exist in C:\xampp\htdocs\plapers\vendor\codeigniter4\framework\system\Database\MySQLi\Connection.php:292
Stack trace:
#0 C:\xampp\htdocs\plapers\vendor\codeigniter4\framework\system\Database\MySQLi\Connection.php(292): mysqli->query('SELECT `id_orde...', 0)
#1 C:\xampp\htdocs\plapers\vendor\codeigniter4\framework\system\Database\BaseConnection.php(666): CodeIgniter\Database\MySQLi\Connection->execute('SELECT `id_orde...')
#2 C:\xampp\htdocs\plapers\vendor\codeigniter4\framework\system\Database\BaseConnection.php(593): CodeIgniter\Database\BaseConnection->simpleQuery('SELECT `id_orde...')
#3 C:\xampp\htdocs\plapers\vendor\codeigniter4\framework\system\Database\BaseBuilder.php(1585): CodeIgniter\Database\BaseConnection->query('SELECT `id_orde...', Array, false)
#4 C:\xampp\htdocs\plapers\vendor\codeigniter4\framework\system\Model.php(240): CodeIgniter\Database\BaseBuilder->get()
#5 C:\xampp\htdocs\plapers\vendor\codeigniter4\framework\system\BaseModel.php(586): CodeIgniter\Model->doFindAll(0, 0)
#6 C:\xampp\htdocs\plapers\app\Controllers\OrdenesController.php(14): CodeIgniter\BaseModel->findAll()
#7 C:\xampp\htdocs\plapers\vendor\codeigniter4\framework\system\CodeIgniter.php(925): App\Controllers\OrdenesController->ordenes_activas()
#8 C:\xampp\htdocs\plapers\vendor\codeigniter4\framework\system\CodeIgniter.php(480): CodeIgniter\CodeIgniter->runController(Object(App\Controllers\OrdenesController))
#9 C:\xampp\htdocs\plapers\vendor\codeigniter4\framework\system\CodeIgniter.php(349): CodeIgniter\CodeIgniter->handleRequest(NULL, Object(Config\Cache), false)
#10 C:\xampp\htdocs\plapers\public\index.php(67): CodeIgniter\CodeIgniter->run()
#11 {main}
CRITICAL - 2025-11-10 22:14:25 --> Call to a member function getResult() on bool
in SYSTEMPATH\Model.php on line 241.
 1 SYSTEMPATH\BaseModel.php(586): CodeIgniter\Model->doFindAll(0, 0)
 2 APPPATH\Controllers\OrdenesController.php(14): CodeIgniter\BaseModel->findAll()
 3 SYSTEMPATH\CodeIgniter.php(925): App\Controllers\OrdenesController->ordenes_activas()
 4 SYSTEMPATH\CodeIgniter.php(480): CodeIgniter\CodeIgniter->runController(Object(App\Controllers\OrdenesController))
 5 SYSTEMPATH\CodeIgniter.php(349): CodeIgniter\CodeIgniter->handleRequest(null, Object(Config\Cache), false)
 6 FCPATH\index.php(67): CodeIgniter\CodeIgniter->run()
ERROR - 2025-11-10 22:15:40 --> mysqli_sql_exception: Table 'impo.plap_t_orden' doesn't exist in C:\xampp\htdocs\plapers\vendor\codeigniter4\framework\system\Database\MySQLi\Connection.php:292
Stack trace:
#0 C:\xampp\htdocs\plapers\vendor\codeigniter4\framework\system\Database\MySQLi\Connection.php(292): mysqli->query('SELECT `id_orde...', 0)
#1 C:\xampp\htdocs\plapers\vendor\codeigniter4\framework\system\Database\BaseConnection.php(666): CodeIgniter\Database\MySQLi\Connection->execute('SELECT `id_orde...')
#2 C:\xampp\htdocs\plapers\vendor\codeigniter4\framework\system\Database\BaseConnection.php(593): CodeIgniter\Database\BaseConnection->simpleQuery('SELECT `id_orde...')
#3 C:\xampp\htdocs\plapers\vendor\codeigniter4\framework\system\Database\BaseBuilder.php(1585): CodeIgniter\Database\BaseConnection->query('SELECT `id_orde...', Array, false)
#4 C:\xampp\htdocs\plapers\vendor\codeigniter4\framework\system\Model.php(240): CodeIgniter\Database\BaseBuilder->get()
#5 C:\xampp\htdocs\plapers\vendor\codeigniter4\framework\system\BaseModel.php(586): CodeIgniter\Model->doFindAll(0, 0)
#6 C:\xampp\htdocs\plapers\app\Controllers\OrdenesController.php(14): CodeIgniter\BaseModel->findAll()
#7 C:\xampp\htdocs\plapers\vendor\codeigniter4\framework\system\CodeIgniter.php(925): App\Controllers\OrdenesController->ordenes_activas()
#8 C:\xampp\htdocs\plapers\vendor\codeigniter4\framework\system\CodeIgniter.php(480): CodeIgniter\CodeIgniter->runController(Object(App\Controllers\OrdenesController))
#9 C:\xampp\htdocs\plapers\vendor\codeigniter4\framework\system\CodeIgniter.php(349): CodeIgniter\CodeIgniter->handleRequest(NULL, Object(Config\Cache), false)
#10 C:\xampp\htdocs\plapers\public\index.php(67): CodeIgniter\CodeIgniter->run()
#11 {main}
CRITICAL - 2025-11-10 22:15:40 --> Call to a member function getResult() on bool
in SYSTEMPATH\Model.php on line 241.
 1 SYSTEMPATH\BaseModel.php(586): CodeIgniter\Model->doFindAll(0, 0)
 2 APPPATH\Controllers\OrdenesController.php(14): CodeIgniter\BaseModel->findAll()
 3 SYSTEMPATH\CodeIgniter.php(925): App\Controllers\OrdenesController->ordenes_activas()
 4 SYSTEMPATH\CodeIgniter.php(480): CodeIgniter\CodeIgniter->runController(Object(App\Controllers\OrdenesController))
 5 SYSTEMPATH\CodeIgniter.php(349): CodeIgniter\CodeIgniter->handleRequest(null, Object(Config\Cache), false)
 6 FCPATH\index.php(67): CodeIgniter\CodeIgniter->run()
