CRITICAL - 2025-11-04 18:24:53 --> Undefined variable $menu_oferta
in APPPATH\Views\templates\nav-top.php on line 15.
 1 APPPATH\Views\templates\nav-top.php(15): CodeIgniter\Debug\Exceptions->errorHandler(2, 'Undefined variable $menu_oferta', 'APPPATH\\Views\\templates\\nav-top.php', 15)
 2 SYSTEMPATH\View\View.php(213): include('APPPATH\\Views\\templates\\nav-top.php')
 3 SYSTEMPATH\View\View.php(216): CodeIgniter\View\View->CodeIgniter\View\{closure}()
 4 SYSTEMPATH\Common.php(1135): CodeIgniter\View\View->render('templates/nav-top', [], true)
 5 APPPATH\Controllers\Home.php(23): view('templates/nav-top')
 6 SYSTEMPATH\CodeIgniter.php(925): App\Controllers\Home->index()
 7 SYSTEMPATH\CodeIgniter.php(480): CodeIgniter\CodeIgniter->runController(Object(App\Controllers\Home))
 8 SYSTEMPATH\CodeIgniter.php(349): CodeIgniter\CodeIgniter->handleRequest(null, Object(Config\Cache), false)
 9 FCPATH\index.php(67): CodeIgniter\CodeIgniter->run()
CRITICAL - 2025-11-04 18:55:40 --> Undefined variable $title
in APPPATH\Views\admin\templates\footer.php on line 31.
 1 APPPATH\Views\admin\templates\footer.php(31): CodeIgniter\Debug\Exceptions->errorHandler(2, 'Undefined variable $title', 'APPPATH\\Views\\admin\\templates\\footer.php', 31)
 2 SYSTEMPATH\View\View.php(213): include('APPPATH\\Views\\admin\\templates\\footer.php')
 3 SYSTEMPATH\View\View.php(216): CodeIgniter\View\View->CodeIgniter\View\{closure}()
 4 SYSTEMPATH\Common.php(1135): CodeIgniter\View\View->render('admin/templates/footer', [], true)
 5 APPPATH\Controllers\Home.php(207): view('admin/templates/footer')
 6 SYSTEMPATH\CodeIgniter.php(925): App\Controllers\Home->dashboard()
 7 SYSTEMPATH\CodeIgniter.php(480): CodeIgniter\CodeIgniter->runController(Object(App\Controllers\Home))
 8 SYSTEMPATH\CodeIgniter.php(349): CodeIgniter\CodeIgniter->handleRequest(null, Object(Config\Cache), false)
 9 FCPATH\index.php(67): CodeIgniter\CodeIgniter->run()
CRITICAL - 2025-11-04 18:55:57 --> Undefined variable $title
in APPPATH\Views\admin\templates\footer.php on line 31.
 1 APPPATH\Views\admin\templates\footer.php(31): CodeIgniter\Debug\Exceptions->errorHandler(2, 'Undefined variable $title', 'APPPATH\\Views\\admin\\templates\\footer.php', 31)
 2 SYSTEMPATH\View\View.php(213): include('APPPATH\\Views\\admin\\templates\\footer.php')
 3 SYSTEMPATH\View\View.php(216): CodeIgniter\View\View->CodeIgniter\View\{closure}()
 4 SYSTEMPATH\Common.php(1135): CodeIgniter\View\View->render('admin/templates/footer', [], true)
 5 APPPATH\Controllers\Home.php(207): view('admin/templates/footer')
 6 SYSTEMPATH\CodeIgniter.php(925): App\Controllers\Home->dashboard()
 7 SYSTEMPATH\CodeIgniter.php(480): CodeIgniter\CodeIgniter->runController(Object(App\Controllers\Home))
 8 SYSTEMPATH\CodeIgniter.php(349): CodeIgniter\CodeIgniter->handleRequest(null, Object(Config\Cache), false)
 9 FCPATH\index.php(67): CodeIgniter\CodeIgniter->run()
CRITICAL - 2025-11-04 18:56:10 --> Undefined variable $title
in APPPATH\Views\admin\templates\footer.php on line 31.
 1 APPPATH\Views\admin\templates\footer.php(31): CodeIgniter\Debug\Exceptions->errorHandler(2, 'Undefined variable $title', 'APPPATH\\Views\\admin\\templates\\footer.php', 31)
 2 SYSTEMPATH\View\View.php(213): include('APPPATH\\Views\\admin\\templates\\footer.php')
 3 SYSTEMPATH\View\View.php(216): CodeIgniter\View\View->CodeIgniter\View\{closure}()
 4 SYSTEMPATH\Common.php(1135): CodeIgniter\View\View->render('admin/templates/footer', [], true)
 5 APPPATH\Controllers\Home.php(207): view('admin/templates/footer')
 6 SYSTEMPATH\CodeIgniter.php(925): App\Controllers\Home->dashboard()
 7 SYSTEMPATH\CodeIgniter.php(480): CodeIgniter\CodeIgniter->runController(Object(App\Controllers\Home))
 8 SYSTEMPATH\CodeIgniter.php(349): CodeIgniter\CodeIgniter->handleRequest(null, Object(Config\Cache), false)
 9 FCPATH\index.php(67): CodeIgniter\CodeIgniter->run()
CRITICAL - 2025-11-04 18:57:14 --> Undefined variable $title
in APPPATH\Views\admin\templates\footer.php on line 30.
 1 APPPATH\Views\admin\templates\footer.php(30): CodeIgniter\Debug\Exceptions->errorHandler(2, 'Undefined variable $title', 'APPPATH\\Views\\admin\\templates\\footer.php', 30)
 2 SYSTEMPATH\View\View.php(213): include('APPPATH\\Views\\admin\\templates\\footer.php')
 3 SYSTEMPATH\View\View.php(216): CodeIgniter\View\View->CodeIgniter\View\{closure}()
 4 SYSTEMPATH\Common.php(1135): CodeIgniter\View\View->render('admin/templates/footer', [], true)
 5 APPPATH\Controllers\Home.php(207): view('admin/templates/footer')
 6 SYSTEMPATH\CodeIgniter.php(925): App\Controllers\Home->dashboard()
 7 SYSTEMPATH\CodeIgniter.php(480): CodeIgniter\CodeIgniter->runController(Object(App\Controllers\Home))
 8 SYSTEMPATH\CodeIgniter.php(349): CodeIgniter\CodeIgniter->handleRequest(null, Object(Config\Cache), false)
 9 FCPATH\index.php(67): CodeIgniter\CodeIgniter->run()
CRITICAL - 2025-11-04 18:58:01 --> Undefined variable $title
in APPPATH\Views\admin\templates\footer.php on line 30.
 1 APPPATH\Views\admin\templates\footer.php(30): CodeIgniter\Debug\Exceptions->errorHandler(2, 'Undefined variable $title', 'APPPATH\\Views\\admin\\templates\\footer.php', 30)
 2 SYSTEMPATH\View\View.php(213): include('APPPATH\\Views\\admin\\templates\\footer.php')
 3 SYSTEMPATH\View\View.php(216): CodeIgniter\View\View->CodeIgniter\View\{closure}()
 4 SYSTEMPATH\Common.php(1135): CodeIgniter\View\View->render('admin/templates/footer', [], true)
 5 APPPATH\Controllers\Home.php(207): view('admin/templates/footer')
 6 SYSTEMPATH\CodeIgniter.php(925): App\Controllers\Home->dashboard()
 7 SYSTEMPATH\CodeIgniter.php(480): CodeIgniter\CodeIgniter->runController(Object(App\Controllers\Home))
 8 SYSTEMPATH\CodeIgniter.php(349): CodeIgniter\CodeIgniter->handleRequest(null, Object(Config\Cache), false)
 9 FCPATH\index.php(67): CodeIgniter\CodeIgniter->run()
CRITICAL - 2025-11-04 18:58:10 --> Undefined variable $title
in APPPATH\Views\admin\templates\footer.php on line 30.
 1 APPPATH\Views\admin\templates\footer.php(30): CodeIgniter\Debug\Exceptions->errorHandler(2, 'Undefined variable $title', 'APPPATH\\Views\\admin\\templates\\footer.php', 30)
 2 SYSTEMPATH\View\View.php(213): include('APPPATH\\Views\\admin\\templates\\footer.php')
 3 SYSTEMPATH\View\View.php(216): CodeIgniter\View\View->CodeIgniter\View\{closure}()
 4 SYSTEMPATH\Common.php(1135): CodeIgniter\View\View->render('admin/templates/footer', [], true)
 5 APPPATH\Controllers\Home.php(207): view('admin/templates/footer')
 6 SYSTEMPATH\CodeIgniter.php(925): App\Controllers\Home->dashboard()
 7 SYSTEMPATH\CodeIgniter.php(480): CodeIgniter\CodeIgniter->runController(Object(App\Controllers\Home))
 8 SYSTEMPATH\CodeIgniter.php(349): CodeIgniter\CodeIgniter->handleRequest(null, Object(Config\Cache), false)
 9 FCPATH\index.php(67): CodeIgniter\CodeIgniter->run()
CRITICAL - 2025-11-04 18:58:19 --> Undefined variable $title
in APPPATH\Views\admin\templates\footer.php on line 30.
 1 APPPATH\Views\admin\templates\footer.php(30): CodeIgniter\Debug\Exceptions->errorHandler(2, 'Undefined variable $title', 'APPPATH\\Views\\admin\\templates\\footer.php', 30)
 2 SYSTEMPATH\View\View.php(213): include('APPPATH\\Views\\admin\\templates\\footer.php')
 3 SYSTEMPATH\View\View.php(216): CodeIgniter\View\View->CodeIgniter\View\{closure}()
 4 SYSTEMPATH\Common.php(1135): CodeIgniter\View\View->render('admin/templates/footer', [], true)
 5 APPPATH\Controllers\Home.php(207): view('admin/templates/footer')
 6 SYSTEMPATH\CodeIgniter.php(925): App\Controllers\Home->dashboard()
 7 SYSTEMPATH\CodeIgniter.php(480): CodeIgniter\CodeIgniter->runController(Object(App\Controllers\Home))
 8 SYSTEMPATH\CodeIgniter.php(349): CodeIgniter\CodeIgniter->handleRequest(null, Object(Config\Cache), false)
 9 FCPATH\index.php(67): CodeIgniter\CodeIgniter->run()
CRITICAL - 2025-11-04 18:58:25 --> Undefined variable $title
in APPPATH\Views\admin\templates\footer.php on line 30.
 1 APPPATH\Views\admin\templates\footer.php(30): CodeIgniter\Debug\Exceptions->errorHandler(2, 'Undefined variable $title', 'APPPATH\\Views\\admin\\templates\\footer.php', 30)
 2 SYSTEMPATH\View\View.php(213): include('APPPATH\\Views\\admin\\templates\\footer.php')
 3 SYSTEMPATH\View\View.php(216): CodeIgniter\View\View->CodeIgniter\View\{closure}()
 4 SYSTEMPATH\Common.php(1135): CodeIgniter\View\View->render('admin/templates/footer', [], true)
 5 APPPATH\Controllers\Home.php(207): view('admin/templates/footer')
 6 SYSTEMPATH\CodeIgniter.php(925): App\Controllers\Home->dashboard()
 7 SYSTEMPATH\CodeIgniter.php(480): CodeIgniter\CodeIgniter->runController(Object(App\Controllers\Home))
 8 SYSTEMPATH\CodeIgniter.php(349): CodeIgniter\CodeIgniter->handleRequest(null, Object(Config\Cache), false)
 9 FCPATH\index.php(67): CodeIgniter\CodeIgniter->run()
CRITICAL - 2025-11-04 18:58:35 --> Undefined variable $title
in APPPATH\Views\admin\templates\footer.php on line 30.
 1 APPPATH\Views\admin\templates\footer.php(30): CodeIgniter\Debug\Exceptions->errorHandler(2, 'Undefined variable $title', 'APPPATH\\Views\\admin\\templates\\footer.php', 30)
 2 SYSTEMPATH\View\View.php(213): include('APPPATH\\Views\\admin\\templates\\footer.php')
 3 SYSTEMPATH\View\View.php(216): CodeIgniter\View\View->CodeIgniter\View\{closure}()
 4 SYSTEMPATH\Common.php(1135): CodeIgniter\View\View->render('admin/templates/footer', [], true)
 5 APPPATH\Controllers\Home.php(207): view('admin/templates/footer')
 6 SYSTEMPATH\CodeIgniter.php(925): App\Controllers\Home->dashboard()
 7 SYSTEMPATH\CodeIgniter.php(480): CodeIgniter\CodeIgniter->runController(Object(App\Controllers\Home))
 8 SYSTEMPATH\CodeIgniter.php(349): CodeIgniter\CodeIgniter->handleRequest(null, Object(Config\Cache), false)
 9 FCPATH\index.php(67): CodeIgniter\CodeIgniter->run()
CRITICAL - 2025-11-04 18:58:39 --> Undefined variable $title
in APPPATH\Views\admin\templates\footer.php on line 30.
 1 APPPATH\Views\admin\templates\footer.php(30): CodeIgniter\Debug\Exceptions->errorHandler(2, 'Undefined variable $title', 'APPPATH\\Views\\admin\\templates\\footer.php', 30)
 2 SYSTEMPATH\View\View.php(213): include('APPPATH\\Views\\admin\\templates\\footer.php')
 3 SYSTEMPATH\View\View.php(216): CodeIgniter\View\View->CodeIgniter\View\{closure}()
 4 SYSTEMPATH\Common.php(1135): CodeIgniter\View\View->render('admin/templates/footer', [], true)
 5 APPPATH\Controllers\Home.php(207): view('admin/templates/footer')
 6 SYSTEMPATH\CodeIgniter.php(925): App\Controllers\Home->dashboard()
 7 SYSTEMPATH\CodeIgniter.php(480): CodeIgniter\CodeIgniter->runController(Object(App\Controllers\Home))
 8 SYSTEMPATH\CodeIgniter.php(349): CodeIgniter\CodeIgniter->handleRequest(null, Object(Config\Cache), false)
 9 FCPATH\index.php(67): CodeIgniter\CodeIgniter->run()
CRITICAL - 2025-11-04 18:58:42 --> Undefined variable $title
in APPPATH\Views\admin\templates\footer.php on line 30.
 1 APPPATH\Views\admin\templates\footer.php(30): CodeIgniter\Debug\Exceptions->errorHandler(2, 'Undefined variable $title', 'APPPATH\\Views\\admin\\templates\\footer.php', 30)
 2 SYSTEMPATH\View\View.php(213): include('APPPATH\\Views\\admin\\templates\\footer.php')
 3 SYSTEMPATH\View\View.php(216): CodeIgniter\View\View->CodeIgniter\View\{closure}()
 4 SYSTEMPATH\Common.php(1135): CodeIgniter\View\View->render('admin/templates/footer', [], true)
 5 APPPATH\Controllers\Home.php(207): view('admin/templates/footer')
 6 SYSTEMPATH\CodeIgniter.php(925): App\Controllers\Home->dashboard()
 7 SYSTEMPATH\CodeIgniter.php(480): CodeIgniter\CodeIgniter->runController(Object(App\Controllers\Home))
 8 SYSTEMPATH\CodeIgniter.php(349): CodeIgniter\CodeIgniter->handleRequest(null, Object(Config\Cache), false)
 9 FCPATH\index.php(67): CodeIgniter\CodeIgniter->run()
CRITICAL - 2025-11-04 18:59:08 --> Undefined variable $title
in APPPATH\Views\admin\templates\footer.php on line 26.
 1 APPPATH\Views\admin\templates\footer.php(26): CodeIgniter\Debug\Exceptions->errorHandler(2, 'Undefined variable $title', 'APPPATH\\Views\\admin\\templates\\footer.php', 26)
 2 SYSTEMPATH\View\View.php(213): include('APPPATH\\Views\\admin\\templates\\footer.php')
 3 SYSTEMPATH\View\View.php(216): CodeIgniter\View\View->CodeIgniter\View\{closure}()
 4 SYSTEMPATH\Common.php(1135): CodeIgniter\View\View->render('admin/templates/footer', [], true)
 5 APPPATH\Controllers\Home.php(207): view('admin/templates/footer')
 6 SYSTEMPATH\CodeIgniter.php(925): App\Controllers\Home->dashboard()
 7 SYSTEMPATH\CodeIgniter.php(480): CodeIgniter\CodeIgniter->runController(Object(App\Controllers\Home))
 8 SYSTEMPATH\CodeIgniter.php(349): CodeIgniter\CodeIgniter->handleRequest(null, Object(Config\Cache), false)
 9 FCPATH\index.php(67): CodeIgniter\CodeIgniter->run()
CRITICAL - 2025-11-04 18:59:20 --> Undefined variable $title
in APPPATH\Views\admin\templates\footer.php on line 26.
 1 APPPATH\Views\admin\templates\footer.php(26): CodeIgniter\Debug\Exceptions->errorHandler(2, 'Undefined variable $title', 'APPPATH\\Views\\admin\\templates\\footer.php', 26)
 2 SYSTEMPATH\View\View.php(213): include('APPPATH\\Views\\admin\\templates\\footer.php')
 3 SYSTEMPATH\View\View.php(216): CodeIgniter\View\View->CodeIgniter\View\{closure}()
 4 SYSTEMPATH\Common.php(1135): CodeIgniter\View\View->render('admin/templates/footer', [], true)
 5 APPPATH\Controllers\Home.php(207): view('admin/templates/footer')
 6 SYSTEMPATH\CodeIgniter.php(925): App\Controllers\Home->dashboard()
 7 SYSTEMPATH\CodeIgniter.php(480): CodeIgniter\CodeIgniter->runController(Object(App\Controllers\Home))
 8 SYSTEMPATH\CodeIgniter.php(349): CodeIgniter\CodeIgniter->handleRequest(null, Object(Config\Cache), false)
 9 FCPATH\index.php(67): CodeIgniter\CodeIgniter->run()
CRITICAL - 2025-11-04 19:01:34 --> Undefined variable $title
in APPPATH\Views\admin\templates\nav-aside.php on line 14.
 1 APPPATH\Views\admin\templates\nav-aside.php(14): CodeIgniter\Debug\Exceptions->errorHandler(2, 'Undefined variable $title', 'APPPATH\\Views\\admin\\templates\\nav-aside.php', 14)
 2 SYSTEMPATH\View\View.php(213): include('APPPATH\\Views\\admin\\templates\\nav-aside.php')
 3 SYSTEMPATH\View\View.php(216): CodeIgniter\View\View->CodeIgniter\View\{closure}()
 4 SYSTEMPATH\Common.php(1135): CodeIgniter\View\View->render('admin/templates/nav-aside', [], true)
 5 APPPATH\Controllers\Home.php(204): view('admin/templates/nav-aside')
 6 SYSTEMPATH\CodeIgniter.php(925): App\Controllers\Home->dashboard()
 7 SYSTEMPATH\CodeIgniter.php(480): CodeIgniter\CodeIgniter->runController(Object(App\Controllers\Home))
 8 SYSTEMPATH\CodeIgniter.php(349): CodeIgniter\CodeIgniter->handleRequest(null, Object(Config\Cache), false)
 9 FCPATH\index.php(67): CodeIgniter\CodeIgniter->run()
