ERROR - 2025-11-15 20:48:34 --> mysqli_sql_exception: Table 'plapers.plap_contador' doesn't exist in C:\xampp\htdocs\plapers\vendor\codeigniter4\framework\system\Database\MySQLi\Connection.php:292
Stack trace:
#0 C:\xampp\htdocs\plapers\vendor\codeigniter4\framework\system\Database\MySQLi\Connection.php(292): mysqli->query('SELECT `visitas...', 0)
#1 C:\xampp\htdocs\plapers\vendor\codeigniter4\framework\system\Database\BaseConnection.php(666): CodeIgniter\Database\MySQLi\Connection->execute('SELECT `visitas...')
#2 C:\xampp\htdocs\plapers\vendor\codeigniter4\framework\system\Database\BaseConnection.php(593): CodeIgniter\Database\BaseConnection->simpleQuery('SELECT `visitas...')
#3 C:\xampp\htdocs\plapers\vendor\codeigniter4\framework\system\Database\BaseBuilder.php(1585): CodeIgniter\Database\BaseConnection->query('SELECT `visitas...', Array, false)
#4 C:\xampp\htdocs\plapers\vendor\codeigniter4\framework\system\Model.php(202): CodeIgniter\Database\BaseBuilder->get()
#5 C:\xampp\htdocs\plapers\vendor\codeigniter4\framework\system\BaseModel.php(525): CodeIgniter\Model->doFind(false, NULL)
#6 C:\xampp\htdocs\plapers\vendor\codeigniter4\framework\system\Model.php(218): CodeIgniter\BaseModel->find()
#7 C:\xampp\htdocs\plapers\vendor\codeigniter4\framework\system\BaseModel.php(556): CodeIgniter\Model->doFindColumn('visitas')
#8 C:\xampp\htdocs\plapers\app\Controllers\DegreeController.php(52): CodeIgniter\BaseModel->findColumn('visitas')
#9 C:\xampp\htdocs\plapers\vendor\codeigniter4\framework\system\CodeIgniter.php(925): App\Controllers\DegreeController->oferta_show()
#10 C:\xampp\htdocs\plapers\vendor\codeigniter4\framework\system\CodeIgniter.php(480): CodeIgniter\CodeIgniter->runController(Object(App\Controllers\DegreeController))
#11 C:\xampp\htdocs\plapers\vendor\codeigniter4\framework\system\CodeIgniter.php(349): CodeIgniter\CodeIgniter->handleRequest(NULL, Object(Config\Cache), false)
#12 C:\xampp\htdocs\plapers\public\index.php(67): CodeIgniter\CodeIgniter->run()
#13 {main}
CRITICAL - 2025-11-15 20:48:34 --> Call to a member function getResult() on bool
in SYSTEMPATH\Model.php on line 202.
 1 SYSTEMPATH\BaseModel.php(525): CodeIgniter\Model->doFind(false, null)
 2 SYSTEMPATH\Model.php(218): CodeIgniter\BaseModel->find()
 3 SYSTEMPATH\BaseModel.php(556): CodeIgniter\Model->doFindColumn('visitas')
 4 APPPATH\Controllers\DegreeController.php(52): CodeIgniter\BaseModel->findColumn('visitas')
 5 SYSTEMPATH\CodeIgniter.php(925): App\Controllers\DegreeController->oferta_show()
 6 SYSTEMPATH\CodeIgniter.php(480): CodeIgniter\CodeIgniter->runController(Object(App\Controllers\DegreeController))
 7 SYSTEMPATH\CodeIgniter.php(349): CodeIgniter\CodeIgniter->handleRequest(null, Object(Config\Cache), false)
 8 FCPATH\index.php(67): CodeIgniter\CodeIgniter->run()
ERROR - 2025-11-15 20:48:34 --> mysqli_sql_exception: Table 'plapers.plap_contador' doesn't exist in C:\xampp\htdocs\plapers\vendor\codeigniter4\framework\system\Database\MySQLi\Connection.php:292
Stack trace:
#0 C:\xampp\htdocs\plapers\vendor\codeigniter4\framework\system\Database\MySQLi\Connection.php(292): mysqli->query('SELECT `visitas...', 0)
#1 C:\xampp\htdocs\plapers\vendor\codeigniter4\framework\system\Database\BaseConnection.php(666): CodeIgniter\Database\MySQLi\Connection->execute('SELECT `visitas...')
#2 C:\xampp\htdocs\plapers\vendor\codeigniter4\framework\system\Database\BaseConnection.php(593): CodeIgniter\Database\BaseConnection->simpleQuery('SELECT `visitas...')
#3 C:\xampp\htdocs\plapers\vendor\codeigniter4\framework\system\Database\BaseBuilder.php(1585): CodeIgniter\Database\BaseConnection->query('SELECT `visitas...', Array, false)
#4 C:\xampp\htdocs\plapers\vendor\codeigniter4\framework\system\Model.php(202): CodeIgniter\Database\BaseBuilder->get()
#5 C:\xampp\htdocs\plapers\vendor\codeigniter4\framework\system\BaseModel.php(525): CodeIgniter\Model->doFind(false, NULL)
#6 C:\xampp\htdocs\plapers\vendor\codeigniter4\framework\system\Model.php(218): CodeIgniter\BaseModel->find()
#7 C:\xampp\htdocs\plapers\vendor\codeigniter4\framework\system\BaseModel.php(556): CodeIgniter\Model->doFindColumn('visitas')
#8 C:\xampp\htdocs\plapers\app\Controllers\DegreeController.php(52): CodeIgniter\BaseModel->findColumn('visitas')
#9 C:\xampp\htdocs\plapers\vendor\codeigniter4\framework\system\CodeIgniter.php(925): App\Controllers\DegreeController->oferta_show()
#10 C:\xampp\htdocs\plapers\vendor\codeigniter4\framework\system\CodeIgniter.php(480): CodeIgniter\CodeIgniter->runController(Object(App\Controllers\DegreeController))
#11 C:\xampp\htdocs\plapers\vendor\codeigniter4\framework\system\CodeIgniter.php(349): CodeIgniter\CodeIgniter->handleRequest(NULL, Object(Config\Cache), false)
#12 C:\xampp\htdocs\plapers\public\index.php(67): CodeIgniter\CodeIgniter->run()
#13 {main}
CRITICAL - 2025-11-15 20:48:34 --> Call to a member function getResult() on bool
in SYSTEMPATH\Model.php on line 202.
 1 SYSTEMPATH\BaseModel.php(525): CodeIgniter\Model->doFind(false, null)
 2 SYSTEMPATH\Model.php(218): CodeIgniter\BaseModel->find()
 3 SYSTEMPATH\BaseModel.php(556): CodeIgniter\Model->doFindColumn('visitas')
 4 APPPATH\Controllers\DegreeController.php(52): CodeIgniter\BaseModel->findColumn('visitas')
 5 SYSTEMPATH\CodeIgniter.php(925): App\Controllers\DegreeController->oferta_show()
 6 SYSTEMPATH\CodeIgniter.php(480): CodeIgniter\CodeIgniter->runController(Object(App\Controllers\DegreeController))
 7 SYSTEMPATH\CodeIgniter.php(349): CodeIgniter\CodeIgniter->handleRequest(null, Object(Config\Cache), false)
 8 FCPATH\index.php(67): CodeIgniter\CodeIgniter->run()
ERROR - 2025-11-15 20:48:34 --> mysqli_sql_exception: Table 'plapers.plap_contador' doesn't exist in C:\xampp\htdocs\plapers\vendor\codeigniter4\framework\system\Database\MySQLi\Connection.php:292
Stack trace:
#0 C:\xampp\htdocs\plapers\vendor\codeigniter4\framework\system\Database\MySQLi\Connection.php(292): mysqli->query('SELECT `visitas...', 0)
#1 C:\xampp\htdocs\plapers\vendor\codeigniter4\framework\system\Database\BaseConnection.php(666): CodeIgniter\Database\MySQLi\Connection->execute('SELECT `visitas...')
#2 C:\xampp\htdocs\plapers\vendor\codeigniter4\framework\system\Database\BaseConnection.php(593): CodeIgniter\Database\BaseConnection->simpleQuery('SELECT `visitas...')
#3 C:\xampp\htdocs\plapers\vendor\codeigniter4\framework\system\Database\BaseBuilder.php(1585): CodeIgniter\Database\BaseConnection->query('SELECT `visitas...', Array, false)
#4 C:\xampp\htdocs\plapers\vendor\codeigniter4\framework\system\Model.php(202): CodeIgniter\Database\BaseBuilder->get()
#5 C:\xampp\htdocs\plapers\vendor\codeigniter4\framework\system\BaseModel.php(525): CodeIgniter\Model->doFind(false, NULL)
#6 C:\xampp\htdocs\plapers\vendor\codeigniter4\framework\system\Model.php(218): CodeIgniter\BaseModel->find()
#7 C:\xampp\htdocs\plapers\vendor\codeigniter4\framework\system\BaseModel.php(556): CodeIgniter\Model->doFindColumn('visitas')
#8 C:\xampp\htdocs\plapers\app\Controllers\DegreeController.php(52): CodeIgniter\BaseModel->findColumn('visitas')
#9 C:\xampp\htdocs\plapers\vendor\codeigniter4\framework\system\CodeIgniter.php(925): App\Controllers\DegreeController->oferta_show()
#10 C:\xampp\htdocs\plapers\vendor\codeigniter4\framework\system\CodeIgniter.php(480): CodeIgniter\CodeIgniter->runController(Object(App\Controllers\DegreeController))
#11 C:\xampp\htdocs\plapers\vendor\codeigniter4\framework\system\CodeIgniter.php(349): CodeIgniter\CodeIgniter->handleRequest(NULL, Object(Config\Cache), false)
#12 C:\xampp\htdocs\plapers\public\index.php(67): CodeIgniter\CodeIgniter->run()
#13 {main}
CRITICAL - 2025-11-15 20:48:34 --> Call to a member function getResult() on bool
in SYSTEMPATH\Model.php on line 202.
 1 SYSTEMPATH\BaseModel.php(525): CodeIgniter\Model->doFind(false, null)
 2 SYSTEMPATH\Model.php(218): CodeIgniter\BaseModel->find()
 3 SYSTEMPATH\BaseModel.php(556): CodeIgniter\Model->doFindColumn('visitas')
 4 APPPATH\Controllers\DegreeController.php(52): CodeIgniter\BaseModel->findColumn('visitas')
 5 SYSTEMPATH\CodeIgniter.php(925): App\Controllers\DegreeController->oferta_show()
 6 SYSTEMPATH\CodeIgniter.php(480): CodeIgniter\CodeIgniter->runController(Object(App\Controllers\DegreeController))
 7 SYSTEMPATH\CodeIgniter.php(349): CodeIgniter\CodeIgniter->handleRequest(null, Object(Config\Cache), false)
 8 FCPATH\index.php(67): CodeIgniter\CodeIgniter->run()
ERROR - 2025-11-15 20:48:34 --> mysqli_sql_exception: Table 'plapers.plap_contador' doesn't exist in C:\xampp\htdocs\plapers\vendor\codeigniter4\framework\system\Database\MySQLi\Connection.php:292
Stack trace:
#0 C:\xampp\htdocs\plapers\vendor\codeigniter4\framework\system\Database\MySQLi\Connection.php(292): mysqli->query('SELECT `visitas...', 0)
#1 C:\xampp\htdocs\plapers\vendor\codeigniter4\framework\system\Database\BaseConnection.php(666): CodeIgniter\Database\MySQLi\Connection->execute('SELECT `visitas...')
#2 C:\xampp\htdocs\plapers\vendor\codeigniter4\framework\system\Database\BaseConnection.php(593): CodeIgniter\Database\BaseConnection->simpleQuery('SELECT `visitas...')
#3 C:\xampp\htdocs\plapers\vendor\codeigniter4\framework\system\Database\BaseBuilder.php(1585): CodeIgniter\Database\BaseConnection->query('SELECT `visitas...', Array, false)
#4 C:\xampp\htdocs\plapers\vendor\codeigniter4\framework\system\Model.php(202): CodeIgniter\Database\BaseBuilder->get()
#5 C:\xampp\htdocs\plapers\vendor\codeigniter4\framework\system\BaseModel.php(525): CodeIgniter\Model->doFind(false, NULL)
#6 C:\xampp\htdocs\plapers\vendor\codeigniter4\framework\system\Model.php(218): CodeIgniter\BaseModel->find()
#7 C:\xampp\htdocs\plapers\vendor\codeigniter4\framework\system\BaseModel.php(556): CodeIgniter\Model->doFindColumn('visitas')
#8 C:\xampp\htdocs\plapers\app\Controllers\DegreeController.php(52): CodeIgniter\BaseModel->findColumn('visitas')
#9 C:\xampp\htdocs\plapers\vendor\codeigniter4\framework\system\CodeIgniter.php(925): App\Controllers\DegreeController->oferta_show()
#10 C:\xampp\htdocs\plapers\vendor\codeigniter4\framework\system\CodeIgniter.php(480): CodeIgniter\CodeIgniter->runController(Object(App\Controllers\DegreeController))
#11 C:\xampp\htdocs\plapers\vendor\codeigniter4\framework\system\CodeIgniter.php(349): CodeIgniter\CodeIgniter->handleRequest(NULL, Object(Config\Cache), false)
#12 C:\xampp\htdocs\plapers\public\index.php(67): CodeIgniter\CodeIgniter->run()
#13 {main}
CRITICAL - 2025-11-15 20:48:34 --> Call to a member function getResult() on bool
in SYSTEMPATH\Model.php on line 202.
 1 SYSTEMPATH\BaseModel.php(525): CodeIgniter\Model->doFind(false, null)
 2 SYSTEMPATH\Model.php(218): CodeIgniter\BaseModel->find()
 3 SYSTEMPATH\BaseModel.php(556): CodeIgniter\Model->doFindColumn('visitas')
 4 APPPATH\Controllers\DegreeController.php(52): CodeIgniter\BaseModel->findColumn('visitas')
 5 SYSTEMPATH\CodeIgniter.php(925): App\Controllers\DegreeController->oferta_show()
 6 SYSTEMPATH\CodeIgniter.php(480): CodeIgniter\CodeIgniter->runController(Object(App\Controllers\DegreeController))
 7 SYSTEMPATH\CodeIgniter.php(349): CodeIgniter\CodeIgniter->handleRequest(null, Object(Config\Cache), false)
 8 FCPATH\index.php(67): CodeIgniter\CodeIgniter->run()
