ERROR - 2025-11-03 22:39:33 --> Error connecting to the database: mysqli_sql_exception: Unknown database 'impo' in C:\xampp\htdocs\plapers\vendor\codeigniter4\framework\system\Database\MySQLi\Connection.php:170
Stack trace:
#0 C:\xampp\htdocs\plapers\vendor\codeigniter4\framework\system\Database\MySQLi\Connection.php(170): mysqli->real_connect('localhost', 'root', Object(SensitiveParameterValue), 'impo', 3306, '', 0)
#1 C:\xampp\htdocs\plapers\vendor\codeigniter4\framework\system\Database\BaseConnection.php(382): CodeIgniter\Database\MySQLi\Connection->connect(false)
#2 C:\xampp\htdocs\plapers\vendor\codeigniter4\framework\system\Database\BaseConnection.php(561): CodeIgniter\Database\BaseConnection->initialize()
#3 C:\xampp\htdocs\plapers\vendor\codeigniter4\framework\system\Database\BaseBuilder.php(1585): CodeIgniter\Database\BaseConnection->query('SELECT `visitas...', Array, false)
#4 C:\xampp\htdocs\plapers\vendor\codeigniter4\framework\system\Model.php(202): CodeIgniter\Database\BaseBuilder->get()
#5 C:\xampp\htdocs\plapers\vendor\codeigniter4\framework\system\BaseModel.php(525): CodeIgniter\Model->doFind(false, NULL)
#6 C:\xampp\htdocs\plapers\vendor\codeigniter4\framework\system\Model.php(218): CodeIgniter\BaseModel->find()
#7 C:\xampp\htdocs\plapers\vendor\codeigniter4\framework\system\BaseModel.php(556): CodeIgniter\Model->doFindColumn('visitas')
#8 C:\xampp\htdocs\plapers\app\Controllers\Home.php(17): CodeIgniter\BaseModel->findColumn('visitas')
#9 C:\xampp\htdocs\plapers\vendor\codeigniter4\framework\system\CodeIgniter.php(925): App\Controllers\Home->index()
#10 C:\xampp\htdocs\plapers\vendor\codeigniter4\framework\system\CodeIgniter.php(480): CodeIgniter\CodeIgniter->runController(Object(App\Controllers\Home))
#11 C:\xampp\htdocs\plapers\vendor\codeigniter4\framework\system\CodeIgniter.php(349): CodeIgniter\CodeIgniter->handleRequest(NULL, Object(Config\Cache), false)
#12 C:\xampp\htdocs\plapers\public\index.php(67): CodeIgniter\CodeIgniter->run()
#13 {main}

Next CodeIgniter\Database\Exceptions\DatabaseException: Unknown database 'impo' in C:\xampp\htdocs\plapers\vendor\codeigniter4\framework\system\Database\MySQLi\Connection.php:215
Stack trace:
#0 C:\xampp\htdocs\plapers\vendor\codeigniter4\framework\system\Database\BaseConnection.php(382): CodeIgniter\Database\MySQLi\Connection->connect(false)
#1 C:\xampp\htdocs\plapers\vendor\codeigniter4\framework\system\Database\BaseConnection.php(561): CodeIgniter\Database\BaseConnection->initialize()
#2 C:\xampp\htdocs\plapers\vendor\codeigniter4\framework\system\Database\BaseBuilder.php(1585): CodeIgniter\Database\BaseConnection->query('SELECT `visitas...', Array, false)
#3 C:\xampp\htdocs\plapers\vendor\codeigniter4\framework\system\Model.php(202): CodeIgniter\Database\BaseBuilder->get()
#4 C:\xampp\htdocs\plapers\vendor\codeigniter4\framework\system\BaseModel.php(525): CodeIgniter\Model->doFind(false, NULL)
#5 C:\xampp\htdocs\plapers\vendor\codeigniter4\framework\system\Model.php(218): CodeIgniter\BaseModel->find()
#6 C:\xampp\htdocs\plapers\vendor\codeigniter4\framework\system\BaseModel.php(556): CodeIgniter\Model->doFindColumn('visitas')
#7 C:\xampp\htdocs\plapers\app\Controllers\Home.php(17): CodeIgniter\BaseModel->findColumn('visitas')
#8 C:\xampp\htdocs\plapers\vendor\codeigniter4\framework\system\CodeIgniter.php(925): App\Controllers\Home->index()
#9 C:\xampp\htdocs\plapers\vendor\codeigniter4\framework\system\CodeIgniter.php(480): CodeIgniter\CodeIgniter->runController(Object(App\Controllers\Home))
#10 C:\xampp\htdocs\plapers\vendor\codeigniter4\framework\system\CodeIgniter.php(349): CodeIgniter\CodeIgniter->handleRequest(NULL, Object(Config\Cache), false)
#11 C:\xampp\htdocs\plapers\public\index.php(67): CodeIgniter\CodeIgniter->run()
#12 {main}
CRITICAL - 2025-11-03 22:39:34 --> Unable to connect to the database.
Main connection [MySQLi]: Unknown database 'impo'
in SYSTEMPATH\Database\BaseConnection.php on line 418.
 1 SYSTEMPATH\Database\BaseConnection.php(561): CodeIgniter\Database\BaseConnection->initialize()
 2 SYSTEMPATH\Database\BaseBuilder.php(1585): CodeIgniter\Database\BaseConnection->query('SELECT `visitas`
FROM `contador`', [], false)
 3 SYSTEMPATH\Model.php(202): CodeIgniter\Database\BaseBuilder->get()
 4 SYSTEMPATH\BaseModel.php(525): CodeIgniter\Model->doFind(false, null)
 5 SYSTEMPATH\Model.php(218): CodeIgniter\BaseModel->find()
 6 SYSTEMPATH\BaseModel.php(556): CodeIgniter\Model->doFindColumn('visitas')
 7 APPPATH\Controllers\Home.php(17): CodeIgniter\BaseModel->findColumn('visitas')
 8 SYSTEMPATH\CodeIgniter.php(925): App\Controllers\Home->index()
 9 SYSTEMPATH\CodeIgniter.php(480): CodeIgniter\CodeIgniter->runController(Object(App\Controllers\Home))
10 SYSTEMPATH\CodeIgniter.php(349): CodeIgniter\CodeIgniter->handleRequest(null, Object(Config\Cache), false)
11 FCPATH\index.php(67): CodeIgniter\CodeIgniter->run()
